<?xml version="1.0" encoding="UTF-8"?>
<testsuite xmlns:xsi="http://www.w3.org/2001/XMLSchema-instance" xsi:noNamespaceSchemaLocation="https://maven.apache.org/surefire/maven-surefire-plugin/xsd/surefire-test-report.xsd" name="cn.itcast.mq.helloworld.PublisherTest" time="7.01" tests="2" errors="2" skipped="0" failures="0">
  <properties>
    <property name="sun.desktop" value="windows"/>
    <property name="awt.toolkit" value="sun.awt.windows.WToolkit"/>
    <property name="file.encoding.pkg" value="sun.io"/>
    <property name="java.specification.version" value="1.8"/>
    <property name="sun.cpu.isalist" value="amd64"/>
    <property name="sun.jnu.encoding" value="GBK"/>
    <property name="java.class.path" value="D:\workspace\framework\mq-demo\publisher\target\test-classes;D:\workspace\framework\mq-demo\publisher\target\classes;D:\software\apache-maven-3.8.6\repository\org\projectlombok\lombok\1.18.18\lombok-1.18.18.jar;D:\software\apache-maven-3.8.6\repository\org\springframework\boot\spring-boot-starter-amqp\2.3.9.RELEASE\spring-boot-starter-amqp-2.3.9.RELEASE.jar;D:\software\apache-maven-3.8.6\repository\org\springframework\boot\spring-boot-starter\2.3.9.RELEASE\spring-boot-starter-2.3.9.RELEASE.jar;D:\software\apache-maven-3.8.6\repository\org\springframework\boot\spring-boot\2.3.9.RELEASE\spring-boot-2.3.9.RELEASE.jar;D:\software\apache-maven-3.8.6\repository\org\springframework\boot\spring-boot-autoconfigure\2.3.9.RELEASE\spring-boot-autoconfigure-2.3.9.RELEASE.jar;D:\software\apache-maven-3.8.6\repository\org\springframework\boot\spring-boot-starter-logging\2.3.9.RELEASE\spring-boot-starter-logging-2.3.9.RELEASE.jar;D:\software\apache-maven-3.8.6\repository\ch\qos\logback\logback-classic\1.2.3\logback-classic-1.2.3.jar;D:\software\apache-maven-3.8.6\repository\ch\qos\logback\logback-core\1.2.3\logback-core-1.2.3.jar;D:\software\apache-maven-3.8.6\repository\org\apache\logging\log4j\log4j-to-slf4j\2.13.3\log4j-to-slf4j-2.13.3.jar;D:\software\apache-maven-3.8.6\repository\org\apache\logging\log4j\log4j-api\2.13.3\log4j-api-2.13.3.jar;D:\software\apache-maven-3.8.6\repository\org\slf4j\jul-to-slf4j\1.7.30\jul-to-slf4j-1.7.30.jar;D:\software\apache-maven-3.8.6\repository\jakarta\annotation\jakarta.annotation-api\1.3.5\jakarta.annotation-api-1.3.5.jar;D:\software\apache-maven-3.8.6\repository\org\yaml\snakeyaml\1.26\snakeyaml-1.26.jar;D:\software\apache-maven-3.8.6\repository\org\springframework\spring-messaging\5.2.13.RELEASE\spring-messaging-5.2.13.RELEASE.jar;D:\software\apache-maven-3.8.6\repository\org\springframework\spring-beans\5.2.13.RELEASE\spring-beans-5.2.13.RELEASE.jar;D:\software\apache-maven-3.8.6\repository\org\springframework\amqp\spring-rabbit\2.2.15.RELEASE\spring-rabbit-2.2.15.RELEASE.jar;D:\software\apache-maven-3.8.6\repository\com\rabbitmq\amqp-client\5.9.0\amqp-client-5.9.0.jar;D:\software\apache-maven-3.8.6\repository\org\springframework\amqp\spring-amqp\2.2.15.RELEASE\spring-amqp-2.2.15.RELEASE.jar;D:\software\apache-maven-3.8.6\repository\org\springframework\retry\spring-retry\1.2.5.RELEASE\spring-retry-1.2.5.RELEASE.jar;D:\software\apache-maven-3.8.6\repository\org\springframework\spring-context\5.2.13.RELEASE\spring-context-5.2.13.RELEASE.jar;D:\software\apache-maven-3.8.6\repository\org\springframework\spring-aop\5.2.13.RELEASE\spring-aop-5.2.13.RELEASE.jar;D:\software\apache-maven-3.8.6\repository\org\springframework\spring-expression\5.2.13.RELEASE\spring-expression-5.2.13.RELEASE.jar;D:\software\apache-maven-3.8.6\repository\org\springframework\spring-tx\5.2.13.RELEASE\spring-tx-5.2.13.RELEASE.jar;D:\software\apache-maven-3.8.6\repository\org\springframework\boot\spring-boot-starter-test\2.3.9.RELEASE\spring-boot-starter-test-2.3.9.RELEASE.jar;D:\software\apache-maven-3.8.6\repository\org\springframework\boot\spring-boot-test\2.3.9.RELEASE\spring-boot-test-2.3.9.RELEASE.jar;D:\software\apache-maven-3.8.6\repository\org\springframework\boot\spring-boot-test-autoconfigure\2.3.9.RELEASE\spring-boot-test-autoconfigure-2.3.9.RELEASE.jar;D:\software\apache-maven-3.8.6\repository\com\jayway\jsonpath\json-path\2.4.0\json-path-2.4.0.jar;D:\software\apache-maven-3.8.6\repository\net\minidev\json-smart\2.3\json-smart-2.3.jar;D:\software\apache-maven-3.8.6\repository\net\minidev\accessors-smart\1.2\accessors-smart-1.2.jar;D:\software\apache-maven-3.8.6\repository\org\ow2\asm\asm\5.0.4\asm-5.0.4.jar;D:\software\apache-maven-3.8.6\repository\org\slf4j\slf4j-api\1.7.30\slf4j-api-1.7.30.jar;D:\software\apache-maven-3.8.6\repository\jakarta\xml\bind\jakarta.xml.bind-api\2.3.3\jakarta.xml.bind-api-2.3.3.jar;D:\software\apache-maven-3.8.6\repository\jakarta\activation\jakarta.activation-api\1.2.2\jakarta.activation-api-1.2.2.jar;D:\software\apache-maven-3.8.6\repository\org\assertj\assertj-core\3.16.1\assertj-core-3.16.1.jar;D:\software\apache-maven-3.8.6\repository\org\hamcrest\hamcrest\2.2\hamcrest-2.2.jar;D:\software\apache-maven-3.8.6\repository\org\junit\jupiter\junit-jupiter\5.6.3\junit-jupiter-5.6.3.jar;D:\software\apache-maven-3.8.6\repository\org\junit\jupiter\junit-jupiter-api\5.6.3\junit-jupiter-api-5.6.3.jar;D:\software\apache-maven-3.8.6\repository\org\opentest4j\opentest4j\1.2.0\opentest4j-1.2.0.jar;D:\software\apache-maven-3.8.6\repository\org\junit\platform\junit-platform-commons\1.6.3\junit-platform-commons-1.6.3.jar;D:\software\apache-maven-3.8.6\repository\org\junit\jupiter\junit-jupiter-params\5.6.3\junit-jupiter-params-5.6.3.jar;D:\software\apache-maven-3.8.6\repository\org\junit\jupiter\junit-jupiter-engine\5.6.3\junit-jupiter-engine-5.6.3.jar;D:\software\apache-maven-3.8.6\repository\org\junit\vintage\junit-vintage-engine\5.6.3\junit-vintage-engine-5.6.3.jar;D:\software\apache-maven-3.8.6\repository\org\apiguardian\apiguardian-api\1.1.0\apiguardian-api-1.1.0.jar;D:\software\apache-maven-3.8.6\repository\org\junit\platform\junit-platform-engine\1.6.3\junit-platform-engine-1.6.3.jar;D:\software\apache-maven-3.8.6\repository\junit\junit\4.13.2\junit-4.13.2.jar;D:\software\apache-maven-3.8.6\repository\org\mockito\mockito-core\3.3.3\mockito-core-3.3.3.jar;D:\software\apache-maven-3.8.6\repository\net\bytebuddy\byte-buddy\1.10.20\byte-buddy-1.10.20.jar;D:\software\apache-maven-3.8.6\repository\net\bytebuddy\byte-buddy-agent\1.10.20\byte-buddy-agent-1.10.20.jar;D:\software\apache-maven-3.8.6\repository\org\objenesis\objenesis\2.6\objenesis-2.6.jar;D:\software\apache-maven-3.8.6\repository\org\mockito\mockito-junit-jupiter\3.3.3\mockito-junit-jupiter-3.3.3.jar;D:\software\apache-maven-3.8.6\repository\org\skyscreamer\jsonassert\1.5.0\jsonassert-1.5.0.jar;D:\software\apache-maven-3.8.6\repository\com\vaadin\external\google\android-json\0.0.20131108.vaadin1\android-json-0.0.20131108.vaadin1.jar;D:\software\apache-maven-3.8.6\repository\org\springframework\spring-core\5.2.13.RELEASE\spring-core-5.2.13.RELEASE.jar;D:\software\apache-maven-3.8.6\repository\org\springframework\spring-jcl\5.2.13.RELEASE\spring-jcl-5.2.13.RELEASE.jar;D:\software\apache-maven-3.8.6\repository\org\springframework\spring-test\5.2.13.RELEASE\spring-test-5.2.13.RELEASE.jar;D:\software\apache-maven-3.8.6\repository\org\xmlunit\xmlunit-core\2.7.0\xmlunit-core-2.7.0.jar;D:\software\apache-maven-3.8.6\repository\com\fasterxml\jackson\core\jackson-databind\2.11.4\jackson-databind-2.11.4.jar;D:\software\apache-maven-3.8.6\repository\com\fasterxml\jackson\core\jackson-annotations\2.11.4\jackson-annotations-2.11.4.jar;D:\software\apache-maven-3.8.6\repository\com\fasterxml\jackson\core\jackson-core\2.11.4\jackson-core-2.11.4.jar;"/>
    <property name="java.vm.vendor" value="Amazon.com Inc."/>
    <property name="sun.arch.data.model" value="64"/>
    <property name="user.variant" value=""/>
    <property name="java.vendor.url" value="https://aws.amazon.com/corretto/"/>
    <property name="user.timezone" value="Asia/Shanghai"/>
    <property name="user.country.format" value="US"/>
    <property name="java.vm.specification.version" value="1.8"/>
    <property name="os.name" value="Windows 10"/>
    <property name="user.country" value="CN"/>
    <property name="sun.java.launcher" value="SUN_STANDARD"/>
    <property name="sun.boot.library.path" value="C:\Users\zhoujian\.jdks\corretto-1.8.0_312\jre\bin"/>
    <property name="sun.java.command" value="C:\Users\zhoujian\AppData\Local\Temp\surefire9102391789395088198\surefirebooter8369620184609894473.jar C:\Users\zhoujian\AppData\Local\Temp\surefire9102391789395088198 2022-08-22T18-02-50_908-jvmRun1 surefire9043492728238289147tmp surefire_07006139825517770835tmp"/>
    <property name="surefire.test.class.path" value="D:\workspace\framework\mq-demo\publisher\target\test-classes;D:\workspace\framework\mq-demo\publisher\target\classes;D:\software\apache-maven-3.8.6\repository\org\projectlombok\lombok\1.18.18\lombok-1.18.18.jar;D:\software\apache-maven-3.8.6\repository\org\springframework\boot\spring-boot-starter-amqp\2.3.9.RELEASE\spring-boot-starter-amqp-2.3.9.RELEASE.jar;D:\software\apache-maven-3.8.6\repository\org\springframework\boot\spring-boot-starter\2.3.9.RELEASE\spring-boot-starter-2.3.9.RELEASE.jar;D:\software\apache-maven-3.8.6\repository\org\springframework\boot\spring-boot\2.3.9.RELEASE\spring-boot-2.3.9.RELEASE.jar;D:\software\apache-maven-3.8.6\repository\org\springframework\boot\spring-boot-autoconfigure\2.3.9.RELEASE\spring-boot-autoconfigure-2.3.9.RELEASE.jar;D:\software\apache-maven-3.8.6\repository\org\springframework\boot\spring-boot-starter-logging\2.3.9.RELEASE\spring-boot-starter-logging-2.3.9.RELEASE.jar;D:\software\apache-maven-3.8.6\repository\ch\qos\logback\logback-classic\1.2.3\logback-classic-1.2.3.jar;D:\software\apache-maven-3.8.6\repository\ch\qos\logback\logback-core\1.2.3\logback-core-1.2.3.jar;D:\software\apache-maven-3.8.6\repository\org\apache\logging\log4j\log4j-to-slf4j\2.13.3\log4j-to-slf4j-2.13.3.jar;D:\software\apache-maven-3.8.6\repository\org\apache\logging\log4j\log4j-api\2.13.3\log4j-api-2.13.3.jar;D:\software\apache-maven-3.8.6\repository\org\slf4j\jul-to-slf4j\1.7.30\jul-to-slf4j-1.7.30.jar;D:\software\apache-maven-3.8.6\repository\jakarta\annotation\jakarta.annotation-api\1.3.5\jakarta.annotation-api-1.3.5.jar;D:\software\apache-maven-3.8.6\repository\org\yaml\snakeyaml\1.26\snakeyaml-1.26.jar;D:\software\apache-maven-3.8.6\repository\org\springframework\spring-messaging\5.2.13.RELEASE\spring-messaging-5.2.13.RELEASE.jar;D:\software\apache-maven-3.8.6\repository\org\springframework\spring-beans\5.2.13.RELEASE\spring-beans-5.2.13.RELEASE.jar;D:\software\apache-maven-3.8.6\repository\org\springframework\amqp\spring-rabbit\2.2.15.RELEASE\spring-rabbit-2.2.15.RELEASE.jar;D:\software\apache-maven-3.8.6\repository\com\rabbitmq\amqp-client\5.9.0\amqp-client-5.9.0.jar;D:\software\apache-maven-3.8.6\repository\org\springframework\amqp\spring-amqp\2.2.15.RELEASE\spring-amqp-2.2.15.RELEASE.jar;D:\software\apache-maven-3.8.6\repository\org\springframework\retry\spring-retry\1.2.5.RELEASE\spring-retry-1.2.5.RELEASE.jar;D:\software\apache-maven-3.8.6\repository\org\springframework\spring-context\5.2.13.RELEASE\spring-context-5.2.13.RELEASE.jar;D:\software\apache-maven-3.8.6\repository\org\springframework\spring-aop\5.2.13.RELEASE\spring-aop-5.2.13.RELEASE.jar;D:\software\apache-maven-3.8.6\repository\org\springframework\spring-expression\5.2.13.RELEASE\spring-expression-5.2.13.RELEASE.jar;D:\software\apache-maven-3.8.6\repository\org\springframework\spring-tx\5.2.13.RELEASE\spring-tx-5.2.13.RELEASE.jar;D:\software\apache-maven-3.8.6\repository\org\springframework\boot\spring-boot-starter-test\2.3.9.RELEASE\spring-boot-starter-test-2.3.9.RELEASE.jar;D:\software\apache-maven-3.8.6\repository\org\springframework\boot\spring-boot-test\2.3.9.RELEASE\spring-boot-test-2.3.9.RELEASE.jar;D:\software\apache-maven-3.8.6\repository\org\springframework\boot\spring-boot-test-autoconfigure\2.3.9.RELEASE\spring-boot-test-autoconfigure-2.3.9.RELEASE.jar;D:\software\apache-maven-3.8.6\repository\com\jayway\jsonpath\json-path\2.4.0\json-path-2.4.0.jar;D:\software\apache-maven-3.8.6\repository\net\minidev\json-smart\2.3\json-smart-2.3.jar;D:\software\apache-maven-3.8.6\repository\net\minidev\accessors-smart\1.2\accessors-smart-1.2.jar;D:\software\apache-maven-3.8.6\repository\org\ow2\asm\asm\5.0.4\asm-5.0.4.jar;D:\software\apache-maven-3.8.6\repository\org\slf4j\slf4j-api\1.7.30\slf4j-api-1.7.30.jar;D:\software\apache-maven-3.8.6\repository\jakarta\xml\bind\jakarta.xml.bind-api\2.3.3\jakarta.xml.bind-api-2.3.3.jar;D:\software\apache-maven-3.8.6\repository\jakarta\activation\jakarta.activation-api\1.2.2\jakarta.activation-api-1.2.2.jar;D:\software\apache-maven-3.8.6\repository\org\assertj\assertj-core\3.16.1\assertj-core-3.16.1.jar;D:\software\apache-maven-3.8.6\repository\org\hamcrest\hamcrest\2.2\hamcrest-2.2.jar;D:\software\apache-maven-3.8.6\repository\org\junit\jupiter\junit-jupiter\5.6.3\junit-jupiter-5.6.3.jar;D:\software\apache-maven-3.8.6\repository\org\junit\jupiter\junit-jupiter-api\5.6.3\junit-jupiter-api-5.6.3.jar;D:\software\apache-maven-3.8.6\repository\org\opentest4j\opentest4j\1.2.0\opentest4j-1.2.0.jar;D:\software\apache-maven-3.8.6\repository\org\junit\platform\junit-platform-commons\1.6.3\junit-platform-commons-1.6.3.jar;D:\software\apache-maven-3.8.6\repository\org\junit\jupiter\junit-jupiter-params\5.6.3\junit-jupiter-params-5.6.3.jar;D:\software\apache-maven-3.8.6\repository\org\junit\jupiter\junit-jupiter-engine\5.6.3\junit-jupiter-engine-5.6.3.jar;D:\software\apache-maven-3.8.6\repository\org\junit\vintage\junit-vintage-engine\5.6.3\junit-vintage-engine-5.6.3.jar;D:\software\apache-maven-3.8.6\repository\org\apiguardian\apiguardian-api\1.1.0\apiguardian-api-1.1.0.jar;D:\software\apache-maven-3.8.6\repository\org\junit\platform\junit-platform-engine\1.6.3\junit-platform-engine-1.6.3.jar;D:\software\apache-maven-3.8.6\repository\junit\junit\4.13.2\junit-4.13.2.jar;D:\software\apache-maven-3.8.6\repository\org\mockito\mockito-core\3.3.3\mockito-core-3.3.3.jar;D:\software\apache-maven-3.8.6\repository\net\bytebuddy\byte-buddy\1.10.20\byte-buddy-1.10.20.jar;D:\software\apache-maven-3.8.6\repository\net\bytebuddy\byte-buddy-agent\1.10.20\byte-buddy-agent-1.10.20.jar;D:\software\apache-maven-3.8.6\repository\org\objenesis\objenesis\2.6\objenesis-2.6.jar;D:\software\apache-maven-3.8.6\repository\org\mockito\mockito-junit-jupiter\3.3.3\mockito-junit-jupiter-3.3.3.jar;D:\software\apache-maven-3.8.6\repository\org\skyscreamer\jsonassert\1.5.0\jsonassert-1.5.0.jar;D:\software\apache-maven-3.8.6\repository\com\vaadin\external\google\android-json\0.0.20131108.vaadin1\android-json-0.0.20131108.vaadin1.jar;D:\software\apache-maven-3.8.6\repository\org\springframework\spring-core\5.2.13.RELEASE\spring-core-5.2.13.RELEASE.jar;D:\software\apache-maven-3.8.6\repository\org\springframework\spring-jcl\5.2.13.RELEASE\spring-jcl-5.2.13.RELEASE.jar;D:\software\apache-maven-3.8.6\repository\org\springframework\spring-test\5.2.13.RELEASE\spring-test-5.2.13.RELEASE.jar;D:\software\apache-maven-3.8.6\repository\org\xmlunit\xmlunit-core\2.7.0\xmlunit-core-2.7.0.jar;D:\software\apache-maven-3.8.6\repository\com\fasterxml\jackson\core\jackson-databind\2.11.4\jackson-databind-2.11.4.jar;D:\software\apache-maven-3.8.6\repository\com\fasterxml\jackson\core\jackson-annotations\2.11.4\jackson-annotations-2.11.4.jar;D:\software\apache-maven-3.8.6\repository\com\fasterxml\jackson\core\jackson-core\2.11.4\jackson-core-2.11.4.jar;"/>
    <property name="sun.cpu.endian" value="little"/>
    <property name="user.home" value="C:\Users\zhoujian"/>
    <property name="user.language" value="zh"/>
    <property name="java.specification.vendor" value="Oracle Corporation"/>
    <property name="java.home" value="C:\Users\zhoujian\.jdks\corretto-1.8.0_312\jre"/>
    <property name="basedir" value="D:\workspace\framework\mq-demo\publisher"/>
    <property name="file.separator" value="\"/>
    <property name="line.separator" value="&#10;"/>
    <property name="java.vm.specification.vendor" value="Oracle Corporation"/>
    <property name="java.specification.name" value="Java Platform API Specification"/>
    <property name="java.awt.graphicsenv" value="sun.awt.Win32GraphicsEnvironment"/>
    <property name="surefire.real.class.path" value="C:\Users\zhoujian\AppData\Local\Temp\surefire9102391789395088198\surefirebooter8369620184609894473.jar"/>
    <property name="sun.boot.class.path" value="C:\Users\zhoujian\.jdks\corretto-1.8.0_312\jre\lib\resources.jar;C:\Users\zhoujian\.jdks\corretto-1.8.0_312\jre\lib\rt.jar;C:\Users\zhoujian\.jdks\corretto-1.8.0_312\jre\lib\sunrsasign.jar;C:\Users\zhoujian\.jdks\corretto-1.8.0_312\jre\lib\jsse.jar;C:\Users\zhoujian\.jdks\corretto-1.8.0_312\jre\lib\jce.jar;C:\Users\zhoujian\.jdks\corretto-1.8.0_312\jre\lib\charsets.jar;C:\Users\zhoujian\.jdks\corretto-1.8.0_312\jre\lib\jfr.jar;C:\Users\zhoujian\.jdks\corretto-1.8.0_312\jre\classes"/>
    <property name="user.script" value=""/>
    <property name="sun.management.compiler" value="HotSpot 64-Bit Tiered Compilers"/>
    <property name="java.runtime.version" value="1.8.0_312-b07"/>
    <property name="user.name" value="zhoujian"/>
    <property name="path.separator" value=";"/>
    <property name="os.version" value="10.0"/>
    <property name="java.endorsed.dirs" value="C:\Users\zhoujian\.jdks\corretto-1.8.0_312\jre\lib\endorsed"/>
    <property name="java.runtime.name" value="OpenJDK Runtime Environment"/>
    <property name="file.encoding" value="GBK"/>
    <property name="java.vm.name" value="OpenJDK 64-Bit Server VM"/>
    <property name="localRepository" value="D:\software\apache-maven-3.8.6\repository"/>
    <property name="java.vendor.url.bug" value="https://github.com/corretto/corretto-8/issues/"/>
    <property name="java.io.tmpdir" value="C:\Users\zhoujian\AppData\Local\Temp\"/>
    <property name="idea.version" value="2021.2.3"/>
    <property name="java.version" value="1.8.0_312"/>
    <property name="user.dir" value="D:\workspace\framework\mq-demo\publisher"/>
    <property name="os.arch" value="amd64"/>
    <property name="java.vm.specification.name" value="Java Virtual Machine Specification"/>
    <property name="java.awt.printerjob" value="sun.awt.windows.WPrinterJob"/>
    <property name="user.language.format" value="en"/>
    <property name="sun.os.patch.level" value=""/>
    <property name="java.library.path" value="C:\Users\zhoujian\.jdks\corretto-1.8.0_312\jre\bin;C:\WINDOWS\Sun\Java\bin;C:\WINDOWS\system32;C:\WINDOWS;D:\workspace\jar\jdk_1.8\bin;D:\software\TIA\simemens\Autoation\SCADA-RT_V11\WinCC\Bin;C:\Program Files\Common Files\Siemens\Automation\Simatic OAM\bin;C:\Program Files (x86)\Common Files\Siemens\Bin;C:\Program Files (x86)\Common Files\Siemens\CommonArchiving;C:\Program Files (x86)\Common Files\Siemens\ACE\Bin;C:\Program Files (x86)\Common Files\Oracle\Java\javapath;C:\Program Files (x86)\Razer Chroma SDK\bin;C:\Program Files\Razer Chroma SDK\bin;C:\Program Files (x86)\Razer\ChromaBroadcast\bin;C:\Program Files\Razer\ChromaBroadcast\bin;C:\Windows\system32;C:\Windows;C:\Windows\System32\Wbem;C:\Windows\System32\WindowsPowerShell\v1.0\;C:\Windows\System32\OpenSSH\;C:\Program Files (x86)\NVIDIA Corporation\PhysX\Common;C:\Program Files\NVIDIA Corporation\NVIDIA NvDLISR;C:\WINDOWS\system32;C:\WINDOWS;C:\WINDOWS\System32\Wbem;C:\WINDOWS\System32\WindowsPowerShell\v1.0\;C:\WINDOWS\System32\OpenSSH\;C:\Users\zhoujian\AppData\Local\Microsoft\WindowsApps;D:\software\bandzip\;C:\Program Files (x86)\Microsoft SQL Server\Client SDK\ODBC\110\Tools\Binn\;C:\Program Files (x86)\Microsoft SQL Server\120\Tools\Binn\;C:\Program Files (x86)\Microsoft SQL Server\120\DTS\Binn\;D:\software\mysql-8.0.23-winx64\mysql-8.0.23-winx64\bin;D:\software\TIA\simemens\Autoation\SCADA-RT_V11\WinCC\Interfaces;C:\Program Files (x86)\Common Files\Siemens\;C:\Program Files (x86)\Common Files\Siemens\Interfaces;C:\Program Files (x86)\Common Files\Siemens\ACE\Interfaces;D:\software\nodeJs\;D:\software\linux\tool\xftp\;C:\WINDOWS\system32;C:\WINDOWS;C:\WINDOWS\System32\Wbem;C:\WINDOWS\System32\WindowsPowerShell\v1.0\;C:\WINDOWS\System32\OpenSSH\;D:\software\git\Git\cmd;D:\workspace\毕设\vue\ffmpeg-master-latest-win64-gpl-shared\bin;D:\software\mysql8\bin;D:\software\apache-maven-3.8.6\bin;C:\Users\zhoujian\AppData\Local\Programs\Python\Python39\Scripts\;C:\Users\zhoujian\AppData\Local\Programs\Python\Python39\;C:\Users\zhoujian\AppData\Local\Microsoft\WindowsApps;D:\software\bandzip\;D:\software\idea\IntelliJ IDEA 2020.1.2\bin;;C:\Users\zhoujian\AppData\Roaming\npm;D:\software\pycharm\PyCharm 2021.1.2\bin;;;D:\software\vsc\Microsoft VS Code\bin;."/>
    <property name="java.vm.info" value="mixed mode"/>
    <property name="java.vendor" value="Amazon.com Inc."/>
    <property name="java.vm.version" value="25.312-b07"/>
    <property name="java.ext.dirs" value="C:\Users\zhoujian\.jdks\corretto-1.8.0_312\jre\lib\ext;C:\WINDOWS\Sun\Java\lib\ext"/>
    <property name="sun.io.unicode.encoding" value="UnicodeLittle"/>
    <property name="maven.repo.local" value="D:\software\apache-maven-3.8.6\repository"/>
    <property name="java.class.version" value="52.0"/>
  </properties>
  <testcase name="testSendMessage" classname="cn.itcast.mq.helloworld.PublisherTest" time="2.489">
    <error message="Connection refused: connect" type="java.net.ConnectException">java.net.ConnectException: Connection refused: connect
	at cn.itcast.mq.helloworld.PublisherTest.testSendMessage(PublisherTest.java:34)
</error>
    <system-out><![CDATA[18:02:53.021 [main] DEBUG org.springframework.test.context.junit4.SpringJUnit4ClassRunner - SpringJUnit4ClassRunner constructor called with [class cn.itcast.mq.helloworld.PublisherTest]
18:02:53.026 [main] DEBUG org.springframework.test.context.BootstrapUtils - Instantiating CacheAwareContextLoaderDelegate from class [org.springframework.test.context.cache.DefaultCacheAwareContextLoaderDelegate]
18:02:53.036 [main] DEBUG org.springframework.test.context.BootstrapUtils - Instantiating BootstrapContext using constructor [public org.springframework.test.context.support.DefaultBootstrapContext(java.lang.Class,org.springframework.test.context.CacheAwareContextLoaderDelegate)]
18:02:53.070 [main] DEBUG org.springframework.test.context.BootstrapUtils - Instantiating TestContextBootstrapper for test class [cn.itcast.mq.helloworld.PublisherTest] from class [org.springframework.boot.test.context.SpringBootTestContextBootstrapper]
18:02:53.091 [main] INFO org.springframework.boot.test.context.SpringBootTestContextBootstrapper - Neither @ContextConfiguration nor @ContextHierarchy found for test class [cn.itcast.mq.helloworld.PublisherTest], using SpringBootContextLoader
18:02:53.096 [main] DEBUG org.springframework.test.context.support.AbstractContextLoader - Did not detect default resource location for test class [cn.itcast.mq.helloworld.PublisherTest]: class path resource [cn/itcast/mq/helloworld/PublisherTest-context.xml] does not exist
18:02:53.096 [main] DEBUG org.springframework.test.context.support.AbstractContextLoader - Did not detect default resource location for test class [cn.itcast.mq.helloworld.PublisherTest]: class path resource [cn/itcast/mq/helloworld/PublisherTestContext.groovy] does not exist
18:02:53.096 [main] INFO org.springframework.test.context.support.AbstractContextLoader - Could not detect default resource locations for test class [cn.itcast.mq.helloworld.PublisherTest]: no resource found for suffixes {-context.xml, Context.groovy}.
18:02:53.098 [main] INFO org.springframework.test.context.support.AnnotationConfigContextLoaderUtils - Could not detect default configuration classes for test class [cn.itcast.mq.helloworld.PublisherTest]: PublisherTest does not declare any static, non-private, non-final, nested classes annotated with @Configuration.
18:02:53.144 [main] DEBUG org.springframework.test.context.support.ActiveProfilesUtils - Could not find an 'annotation declaring class' for annotation type [org.springframework.test.context.ActiveProfiles] and class [cn.itcast.mq.helloworld.PublisherTest]
18:02:53.219 [main] DEBUG org.springframework.context.annotation.ClassPathScanningCandidateComponentProvider - Identified candidate component class: file [D:\workspace\framework\mq-demo\publisher\target\classes\cn\itcast\mq\PublisherApplication.class]
18:02:53.220 [main] INFO org.springframework.boot.test.context.SpringBootTestContextBootstrapper - Found @SpringBootConfiguration cn.itcast.mq.PublisherApplication for test class cn.itcast.mq.helloworld.PublisherTest
18:02:53.348 [main] DEBUG org.springframework.boot.test.context.SpringBootTestContextBootstrapper - @TestExecutionListeners is not present for class [cn.itcast.mq.helloworld.PublisherTest]: using defaults.
18:02:53.349 [main] INFO org.springframework.boot.test.context.SpringBootTestContextBootstrapper - Loaded default TestExecutionListener class names from location [META-INF/spring.factories]: [org.springframework.boot.test.mock.mockito.MockitoTestExecutionListener, org.springframework.boot.test.mock.mockito.ResetMocksTestExecutionListener, org.springframework.boot.test.autoconfigure.restdocs.RestDocsTestExecutionListener, org.springframework.boot.test.autoconfigure.web.client.MockRestServiceServerResetTestExecutionListener, org.springframework.boot.test.autoconfigure.web.servlet.MockMvcPrintOnlyOnFailureTestExecutionListener, org.springframework.boot.test.autoconfigure.web.servlet.WebDriverTestExecutionListener, org.springframework.boot.test.autoconfigure.webservices.client.MockWebServiceServerTestExecutionListener, org.springframework.test.context.web.ServletTestExecutionListener, org.springframework.test.context.support.DirtiesContextBeforeModesTestExecutionListener, org.springframework.test.context.support.DependencyInjectionTestExecutionListener, org.springframework.test.context.support.DirtiesContextTestExecutionListener, org.springframework.test.context.transaction.TransactionalTestExecutionListener, org.springframework.test.context.jdbc.SqlScriptsTestExecutionListener, org.springframework.test.context.event.EventPublishingTestExecutionListener]
18:02:53.361 [main] DEBUG org.springframework.boot.test.context.SpringBootTestContextBootstrapper - Skipping candidate TestExecutionListener [org.springframework.test.context.web.ServletTestExecutionListener] due to a missing dependency. Specify custom listener classes or make the default listener classes and their required dependencies available. Offending class: [javax/servlet/ServletContext]
18:02:53.372 [main] INFO org.springframework.boot.test.context.SpringBootTestContextBootstrapper - Using TestExecutionListeners: [org.springframework.test.context.support.DirtiesContextBeforeModesTestExecutionListener@55536d9e, org.springframework.boot.test.mock.mockito.MockitoTestExecutionListener@747edf66, org.springframework.boot.test.autoconfigure.SpringBootDependencyInjectionTestExecutionListener@3d1cfad4, org.springframework.test.context.support.DirtiesContextTestExecutionListener@62230c58, org.springframework.test.context.transaction.TransactionalTestExecutionListener@2cd2a21f, org.springframework.test.context.jdbc.SqlScriptsTestExecutionListener@2e55dd0c, org.springframework.test.context.event.EventPublishingTestExecutionListener@74455848, org.springframework.boot.test.mock.mockito.ResetMocksTestExecutionListener@e7edb54, org.springframework.boot.test.autoconfigure.restdocs.RestDocsTestExecutionListener@378542de, org.springframework.boot.test.autoconfigure.web.client.MockRestServiceServerResetTestExecutionListener@3738449f, org.springframework.boot.test.autoconfigure.web.servlet.MockMvcPrintOnlyOnFailureTestExecutionListener@69e1dd28, org.springframework.boot.test.autoconfigure.web.servlet.WebDriverTestExecutionListener@11bd0f3b, org.springframework.boot.test.autoconfigure.webservices.client.MockWebServiceServerTestExecutionListener@c333c60]
18:02:53.376 [main] DEBUG org.springframework.test.annotation.ProfileValueUtils - Retrieved @ProfileValueSourceConfiguration [null] for test class [cn.itcast.mq.helloworld.PublisherTest]
18:02:53.377 [main] DEBUG org.springframework.test.annotation.ProfileValueUtils - Retrieved ProfileValueSource type [class org.springframework.test.annotation.SystemProfileValueSource] for class [cn.itcast.mq.helloworld.PublisherTest]
18:02:53.378 [main] DEBUG org.springframework.test.annotation.ProfileValueUtils - Retrieved @ProfileValueSourceConfiguration [null] for test class [cn.itcast.mq.helloworld.PublisherTest]
18:02:53.378 [main] DEBUG org.springframework.test.annotation.ProfileValueUtils - Retrieved ProfileValueSource type [class org.springframework.test.annotation.SystemProfileValueSource] for class [cn.itcast.mq.helloworld.PublisherTest]
18:02:53.381 [main] DEBUG org.springframework.test.annotation.ProfileValueUtils - Retrieved @ProfileValueSourceConfiguration [null] for test class [cn.itcast.mq.helloworld.PublisherTest]
18:02:53.381 [main] DEBUG org.springframework.test.annotation.ProfileValueUtils - Retrieved ProfileValueSource type [class org.springframework.test.annotation.SystemProfileValueSource] for class [cn.itcast.mq.helloworld.PublisherTest]
18:02:53.407 [main] DEBUG org.springframework.test.context.junit4.SpringJUnit4ClassRunner - SpringJUnit4ClassRunner constructor called with [class cn.itcast.mq.helloworld.PublisherTest]
18:02:53.407 [main] DEBUG org.springframework.test.context.BootstrapUtils - Instantiating CacheAwareContextLoaderDelegate from class [org.springframework.test.context.cache.DefaultCacheAwareContextLoaderDelegate]
18:02:53.407 [main] DEBUG org.springframework.test.context.BootstrapUtils - Instantiating BootstrapContext using constructor [public org.springframework.test.context.support.DefaultBootstrapContext(java.lang.Class,org.springframework.test.context.CacheAwareContextLoaderDelegate)]
18:02:53.409 [main] DEBUG org.springframework.test.context.BootstrapUtils - Instantiating TestContextBootstrapper for test class [cn.itcast.mq.helloworld.PublisherTest] from class [org.springframework.boot.test.context.SpringBootTestContextBootstrapper]
18:02:53.410 [main] INFO org.springframework.boot.test.context.SpringBootTestContextBootstrapper - Neither @ContextConfiguration nor @ContextHierarchy found for test class [cn.itcast.mq.helloworld.PublisherTest], using SpringBootContextLoader
18:02:53.411 [main] DEBUG org.springframework.test.context.support.AbstractContextLoader - Did not detect default resource location for test class [cn.itcast.mq.helloworld.PublisherTest]: class path resource [cn/itcast/mq/helloworld/PublisherTest-context.xml] does not exist
18:02:53.412 [main] DEBUG org.springframework.test.context.support.AbstractContextLoader - Did not detect default resource location for test class [cn.itcast.mq.helloworld.PublisherTest]: class path resource [cn/itcast/mq/helloworld/PublisherTestContext.groovy] does not exist
18:02:53.412 [main] INFO org.springframework.test.context.support.AbstractContextLoader - Could not detect default resource locations for test class [cn.itcast.mq.helloworld.PublisherTest]: no resource found for suffixes {-context.xml, Context.groovy}.
18:02:53.412 [main] INFO org.springframework.test.context.support.AnnotationConfigContextLoaderUtils - Could not detect default configuration classes for test class [cn.itcast.mq.helloworld.PublisherTest]: PublisherTest does not declare any static, non-private, non-final, nested classes annotated with @Configuration.
18:02:53.414 [main] DEBUG org.springframework.test.context.support.ActiveProfilesUtils - Could not find an 'annotation declaring class' for annotation type [org.springframework.test.context.ActiveProfiles] and class [cn.itcast.mq.helloworld.PublisherTest]
18:02:53.415 [main] INFO org.springframework.boot.test.context.SpringBootTestContextBootstrapper - Found @SpringBootConfiguration cn.itcast.mq.PublisherApplication for test class cn.itcast.mq.helloworld.PublisherTest
18:02:53.418 [main] DEBUG org.springframework.boot.test.context.SpringBootTestContextBootstrapper - @TestExecutionListeners is not present for class [cn.itcast.mq.helloworld.PublisherTest]: using defaults.
18:02:53.419 [main] INFO org.springframework.boot.test.context.SpringBootTestContextBootstrapper - Loaded default TestExecutionListener class names from location [META-INF/spring.factories]: [org.springframework.boot.test.mock.mockito.MockitoTestExecutionListener, org.springframework.boot.test.mock.mockito.ResetMocksTestExecutionListener, org.springframework.boot.test.autoconfigure.restdocs.RestDocsTestExecutionListener, org.springframework.boot.test.autoconfigure.web.client.MockRestServiceServerResetTestExecutionListener, org.springframework.boot.test.autoconfigure.web.servlet.MockMvcPrintOnlyOnFailureTestExecutionListener, org.springframework.boot.test.autoconfigure.web.servlet.WebDriverTestExecutionListener, org.springframework.boot.test.autoconfigure.webservices.client.MockWebServiceServerTestExecutionListener, org.springframework.test.context.web.ServletTestExecutionListener, org.springframework.test.context.support.DirtiesContextBeforeModesTestExecutionListener, org.springframework.test.context.support.DependencyInjectionTestExecutionListener, org.springframework.test.context.support.DirtiesContextTestExecutionListener, org.springframework.test.context.transaction.TransactionalTestExecutionListener, org.springframework.test.context.jdbc.SqlScriptsTestExecutionListener, org.springframework.test.context.event.EventPublishingTestExecutionListener]
18:02:53.426 [main] DEBUG org.springframework.boot.test.context.SpringBootTestContextBootstrapper - Skipping candidate TestExecutionListener [org.springframework.test.context.web.ServletTestExecutionListener] due to a missing dependency. Specify custom listener classes or make the default listener classes and their required dependencies available. Offending class: [javax/servlet/ServletContext]
18:02:53.427 [main] INFO org.springframework.boot.test.context.SpringBootTestContextBootstrapper - Using TestExecutionListeners: [org.springframework.test.context.support.DirtiesContextBeforeModesTestExecutionListener@47987356, org.springframework.boot.test.mock.mockito.MockitoTestExecutionListener@22ef9844, org.springframework.boot.test.autoconfigure.SpringBootDependencyInjectionTestExecutionListener@6283d8b8, org.springframework.test.context.support.DirtiesContextTestExecutionListener@3b6ddd1d, org.springframework.test.context.transaction.TransactionalTestExecutionListener@3f6b0be5, org.springframework.test.context.jdbc.SqlScriptsTestExecutionListener@611889f4, org.springframework.test.context.event.EventPublishingTestExecutionListener@1da2cb77, org.springframework.boot.test.mock.mockito.ResetMocksTestExecutionListener@48f278eb, org.springframework.boot.test.autoconfigure.restdocs.RestDocsTestExecutionListener@2f217633, org.springframework.boot.test.autoconfigure.web.client.MockRestServiceServerResetTestExecutionListener@a530d0a, org.springframework.boot.test.autoconfigure.web.servlet.MockMvcPrintOnlyOnFailureTestExecutionListener@1a18644, org.springframework.boot.test.autoconfigure.web.servlet.WebDriverTestExecutionListener@5acf93bb, org.springframework.boot.test.autoconfigure.webservices.client.MockWebServiceServerTestExecutionListener@7e7be63f]
18:02:53.427 [main] DEBUG org.springframework.test.annotation.ProfileValueUtils - Retrieved @ProfileValueSourceConfiguration [null] for test class [cn.itcast.mq.helloworld.PublisherTest]
18:02:53.427 [main] DEBUG org.springframework.test.annotation.ProfileValueUtils - Retrieved ProfileValueSource type [class org.springframework.test.annotation.SystemProfileValueSource] for class [cn.itcast.mq.helloworld.PublisherTest]
18:02:53.427 [main] DEBUG org.springframework.test.annotation.ProfileValueUtils - Retrieved @ProfileValueSourceConfiguration [null] for test class [cn.itcast.mq.helloworld.PublisherTest]
18:02:53.427 [main] DEBUG org.springframework.test.annotation.ProfileValueUtils - Retrieved ProfileValueSource type [class org.springframework.test.annotation.SystemProfileValueSource] for class [cn.itcast.mq.helloworld.PublisherTest]
18:02:53.428 [main] DEBUG org.springframework.test.annotation.ProfileValueUtils - Retrieved @ProfileValueSourceConfiguration [null] for test class [cn.itcast.mq.helloworld.PublisherTest]
18:02:53.428 [main] DEBUG org.springframework.test.annotation.ProfileValueUtils - Retrieved ProfileValueSource type [class org.springframework.test.annotation.SystemProfileValueSource] for class [cn.itcast.mq.helloworld.PublisherTest]
18:02:53.482 [main] DEBUG org.springframework.test.annotation.ProfileValueUtils - Retrieved @ProfileValueSourceConfiguration [null] for test class [cn.itcast.mq.helloworld.PublisherTest]
18:02:53.482 [main] DEBUG org.springframework.test.annotation.ProfileValueUtils - Retrieved ProfileValueSource type [class org.springframework.test.annotation.SystemProfileValueSource] for class [cn.itcast.mq.helloworld.PublisherTest]
18:02:53.485 [main] DEBUG org.springframework.test.annotation.ProfileValueUtils - Retrieved @ProfileValueSourceConfiguration [null] for test class [cn.itcast.mq.helloworld.PublisherTest]
18:02:53.485 [main] DEBUG org.springframework.test.annotation.ProfileValueUtils - Retrieved ProfileValueSource type [class org.springframework.test.annotation.SystemProfileValueSource] for class [cn.itcast.mq.helloworld.PublisherTest]
18:02:53.486 [main] DEBUG org.springframework.test.annotation.ProfileValueUtils - Retrieved @ProfileValueSourceConfiguration [null] for test class [cn.itcast.mq.helloworld.PublisherTest]
18:02:53.486 [main] DEBUG org.springframework.test.annotation.ProfileValueUtils - Retrieved ProfileValueSource type [class org.springframework.test.annotation.SystemProfileValueSource] for class [cn.itcast.mq.helloworld.PublisherTest]
18:02:53.491 [main] DEBUG org.springframework.test.context.support.AbstractDirtiesContextTestExecutionListener - Before test class: context [DefaultTestContext@606e4010 testClass = PublisherTest, testInstance = [null], testMethod = [null], testException = [null], mergedContextConfiguration = [MergedContextConfiguration@8458f04 testClass = PublisherTest, locations = '{}', classes = '{class cn.itcast.mq.PublisherApplication}', contextInitializerClasses = '[]', activeProfiles = '{}', propertySourceLocations = '{}', propertySourceProperties = '{org.springframework.boot.test.context.SpringBootTestContextBootstrapper=true}', contextCustomizers = set[org.springframework.boot.test.context.filter.ExcludeFilterContextCustomizer@1d548a08, org.springframework.boot.test.json.DuplicateJsonObjectContextCustomizerFactory$DuplicateJsonObjectContextCustomizer@691a7f8f, org.springframework.boot.test.mock.mockito.MockitoContextCustomizer@0, org.springframework.boot.test.web.client.TestRestTemplateContextCustomizer@5ad851c9, org.springframework.boot.test.autoconfigure.properties.PropertyMappingContextCustomizer@0, org.springframework.boot.test.autoconfigure.web.servlet.WebDriverContextCustomizerFactory$Customizer@7fc229ab, org.springframework.boot.test.context.SpringBootTestArgs@1, org.springframework.boot.test.context.SpringBootTestWebEnvironment@59717824], contextLoader = 'org.springframework.boot.test.context.SpringBootContextLoader', parent = [null]], attributes = map[[empty]]], class annotated with @DirtiesContext [false] with mode [null].
18:02:53.493 [main] DEBUG org.springframework.test.annotation.ProfileValueUtils - Retrieved @ProfileValueSourceConfiguration [null] for test class [cn.itcast.mq.helloworld.PublisherTest]
18:02:53.493 [main] DEBUG org.springframework.test.annotation.ProfileValueUtils - Retrieved ProfileValueSource type [class org.springframework.test.annotation.SystemProfileValueSource] for class [cn.itcast.mq.helloworld.PublisherTest]
18:02:53.498 [main] DEBUG org.springframework.test.context.support.DependencyInjectionTestExecutionListener - Performing dependency injection for test context [[DefaultTestContext@606e4010 testClass = PublisherTest, testInstance = cn.itcast.mq.helloworld.PublisherTest@5890e879, testMethod = [null], testException = [null], mergedContextConfiguration = [MergedContextConfiguration@8458f04 testClass = PublisherTest, locations = '{}', classes = '{class cn.itcast.mq.PublisherApplication}', contextInitializerClasses = '[]', activeProfiles = '{}', propertySourceLocations = '{}', propertySourceProperties = '{org.springframework.boot.test.context.SpringBootTestContextBootstrapper=true}', contextCustomizers = set[org.springframework.boot.test.context.filter.ExcludeFilterContextCustomizer@1d548a08, org.springframework.boot.test.json.DuplicateJsonObjectContextCustomizerFactory$DuplicateJsonObjectContextCustomizer@691a7f8f, org.springframework.boot.test.mock.mockito.MockitoContextCustomizer@0, org.springframework.boot.test.web.client.TestRestTemplateContextCustomizer@5ad851c9, org.springframework.boot.test.autoconfigure.properties.PropertyMappingContextCustomizer@0, org.springframework.boot.test.autoconfigure.web.servlet.WebDriverContextCustomizerFactory$Customizer@7fc229ab, org.springframework.boot.test.context.SpringBootTestArgs@1, org.springframework.boot.test.context.SpringBootTestWebEnvironment@59717824], contextLoader = 'org.springframework.boot.test.context.SpringBootContextLoader', parent = [null]], attributes = map[[empty]]]].
18:02:53.523 [main] DEBUG org.springframework.test.context.support.TestPropertySourceUtils - Adding inlined properties to environment: {spring.jmx.enabled=false, org.springframework.boot.test.context.SpringBootTestContextBootstrapper=true}

  .   ____          _            __ _ _
 /\\ / ___'_ __ _ _(_)_ __  __ _ \ \ \ \
( ( )\___ | '_ | '_| | '_ \/ _` | \ \ \ \
 \\/  ___)| |_)| | | | | || (_| |  ) ) ) )
  '  |____| .__|_| |_|_| |_\__, | / / / /
 =========|_|==============|___/=/_/_/_/
 :: Spring Boot ::        (v2.3.9.RELEASE)

08-22 18:02:53:785  INFO 21844 --- [           main] cn.itcast.mq.helloworld.PublisherTest    : Starting PublisherTest on MR-Zhou with PID 21844 (started by zhoujian in D:\workspace\framework\mq-demo\publisher)
08-22 18:02:53:787  INFO 21844 --- [           main] cn.itcast.mq.helloworld.PublisherTest    : No active profile set, falling back to default profiles: default
08-22 18:02:55:739  INFO 21844 --- [           main] cn.itcast.mq.helloworld.PublisherTest    : Started PublisherTest in 2.213 seconds (JVM running for 3.294)
]]></system-out>
  </testcase>
  <testcase name="testSendMessageToFanoutExchange" classname="cn.itcast.mq.helloworld.PublisherTest" time="2.256">
    <error message="java.net.ConnectException: Connection refused: connect" type="org.springframework.amqp.AmqpConnectException">org.springframework.amqp.AmqpConnectException: java.net.ConnectException: Connection refused: connect
	at cn.itcast.mq.helloworld.PublisherTest.testSendMessageToFanoutExchange(PublisherTest.java:68)
Caused by: java.net.ConnectException: Connection refused: connect
	at cn.itcast.mq.helloworld.PublisherTest.testSendMessageToFanoutExchange(PublisherTest.java:68)
</error>
    <system-out><![CDATA[08-22 18:02:58:241  INFO 21844 --- [           main] o.s.a.r.c.CachingConnectionFactory       : Attempting to connect to: [8.142.74.249:5672]
]]></system-out>
  </testcase>
</testsuite>