<?xml version="1.0" encoding="UTF-8" ?>
<testsuite tests="6" failures="0" name="Test" time="0.37" errors="6" skipped="0">
    <properties>
        <property name="java.runtime.name" value="Java(TM) SE Runtime Environment"/>
        <property name="sun.boot.library.path" value="D:\workspace\jar\jdk_1.8\jre\bin"/>
        <property name="java.vm.version" value="25.261-b12"/>
        <property name="java.vm.vendor" value="Oracle Corporation"/>
        <property name="maven.multiModuleProjectDirectory" value="D:\workspace\framework\spring\Demo-Two"/>
        <property name="java.vendor.url" value="http://java.oracle.com/"/>
        <property name="path.separator" value=";"/>
        <property name="guice.disable.misplaced.annotation.check" value="true"/>
        <property name="java.vm.name" value="Java HotSpot(TM) 64-Bit Server VM"/>
        <property name="file.encoding.pkg" value="sun.io"/>
        <property name="user.script" value=""/>
        <property name="user.country" value="CN"/>
        <property name="sun.java.launcher" value="SUN_STANDARD"/>
        <property name="sun.os.patch.level" value=""/>
        <property name="java.vm.specification.name" value="Java Virtual Machine Specification"/>
        <property name="user.dir" value="D:\workspace\framework\spring\Demo-Two"/>
        <property name="java.runtime.version" value="1.8.0_261-b12"/>
        <property name="java.awt.graphicsenv" value="sun.awt.Win32GraphicsEnvironment"/>
        <property name="java.endorsed.dirs" value="D:\workspace\jar\jdk_1.8\jre\lib\endorsed"/>
        <property name="os.arch" value="amd64"/>
        <property name="java.io.tmpdir" value="C:\Users\zhoujian\AppData\Local\Temp\"/>
        <property name="line.separator" value="
"/>
        <property name="java.vm.specification.vendor" value="Oracle Corporation"/>
        <property name="user.variant" value=""/>
        <property name="os.name" value="Windows 10"/>
        <property name="maven.ext.class.path"
                  value="D:\software\idea\IntelliJ IDEA 2020.1.2\plugins\maven\lib\maven-event-listener.jar"/>
        <property name="classworlds.conf"
                  value="D:\software\idea\IntelliJ IDEA 2020.1.2\plugins\maven\lib\maven3\bin\m2.conf"/>
        <property name="sun.jnu.encoding" value="GBK"/>
        <property name="java.library.path"
                  value="D:\workspace\jar\jdk_1.8\bin;C:\WINDOWS\Sun\Java\bin;C:\WINDOWS\system32;C:\WINDOWS;C:\Program Files (x86)\Common Files\Oracle\Java\javapath;C:\Program Files\Common Files\Siemens\Automation\Simatic OAM\bin;C:\Program Files (x86)\Razer Chroma SDK\bin;C:\Program Files\Razer Chroma SDK\bin;C:\Program Files (x86)\Razer\ChromaBroadcast\bin;C:\Program Files\Razer\ChromaBroadcast\bin;C:\Windows\system32;C:\Windows;C:\Windows\System32\Wbem;C:\Windows\System32\WindowsPowerShell\v1.0\;C:\Windows\System32\OpenSSH\;C:\Program Files (x86)\NVIDIA Corporation\PhysX\Common;C:\Program Files\NVIDIA Corporation\NVIDIA NvDLISR;C:\WINDOWS\system32;C:\WINDOWS;C:\WINDOWS\System32\Wbem;C:\WINDOWS\System32\WindowsPowerShell\v1.0\;C:\WINDOWS\System32\OpenSSH\;C:\Users\zhoujian\AppData\Local\Microsoft\WindowsApps;D:\software\bandzip\;C:\Program Files (x86)\Microsoft SQL Server\Client SDK\ODBC\110\Tools\Binn\;C:\Program Files (x86)\Microsoft SQL Server\120\Tools\Binn\;C:\Program Files (x86)\Microsoft SQL Server\120\DTS\Binn\;D:\software\git\Git\cmd;C:\Users\zhoujian\AppData\Local\Microsoft\WindowsApps;D:\software\bandzip\;D:\software\idea\IntelliJ IDEA 2020.1.2\bin;;."/>
        <property name="maven.conf" value="D:\software\idea\IntelliJ IDEA 2020.1.2\plugins\maven\lib\maven3/conf"/>
        <property name="java.specification.name" value="Java Platform API Specification"/>
        <property name="java.class.version" value="52.0"/>
        <property name="sun.management.compiler" value="HotSpot 64-Bit Tiered Compilers"/>
        <property name="os.version" value="10.0"/>
        <property name="user.home" value="C:\Users\zhoujian"/>
        <property name="user.timezone" value="Asia/Shanghai"/>
        <property name="java.awt.printerjob" value="sun.awt.windows.WPrinterJob"/>
        <property name="java.specification.version" value="1.8"/>
        <property name="file.encoding" value="UTF-8"/>
        <property name="user.name" value="zhoujian"/>
        <property name="java.class.path"
                  value="D:\software\idea\IntelliJ IDEA 2020.1.2\plugins\maven\lib\maven3\boot\plexus-classworlds-2.6.0.jar;D:\software\idea\IntelliJ IDEA 2020.1.2\plugins\maven\lib\maven3\boot\plexus-classworlds.license;D:\software\idea\IntelliJ IDEA 2020.1.2\lib\idea_rt.jar"/>
        <property name="java.vm.specification.version" value="1.8"/>
        <property name="sun.arch.data.model" value="64"/>
        <property name="java.home" value="D:\workspace\jar\jdk_1.8\jre"/>
        <property name="sun.java.command" value="org.codehaus.classworlds.Launcher -Didea.version2020.1.2 install"/>
        <property name="java.specification.vendor" value="Oracle Corporation"/>
        <property name="user.language" value="zh"/>
        <property name="idea.version2020.1.2" value="true"/>
        <property name="awt.toolkit" value="sun.awt.windows.WToolkit"/>
        <property name="java.vm.info" value="mixed mode"/>
        <property name="java.version" value="1.8.0_261"/>
        <property name="java.ext.dirs" value="D:\workspace\jar\jdk_1.8\jre\lib\ext;C:\WINDOWS\Sun\Java\lib\ext"/>
        <property name="sun.boot.class.path"
                  value="D:\workspace\jar\jdk_1.8\jre\lib\resources.jar;D:\workspace\jar\jdk_1.8\jre\lib\rt.jar;D:\workspace\jar\jdk_1.8\jre\lib\sunrsasign.jar;D:\workspace\jar\jdk_1.8\jre\lib\jsse.jar;D:\workspace\jar\jdk_1.8\jre\lib\jce.jar;D:\workspace\jar\jdk_1.8\jre\lib\charsets.jar;D:\workspace\jar\jdk_1.8\jre\lib\jfr.jar;D:\workspace\jar\jdk_1.8\jre\classes"/>
        <property name="java.vendor" value="Oracle Corporation"/>
        <property name="maven.home" value="D:\software\idea\IntelliJ IDEA 2020.1.2\plugins\maven\lib\maven3"/>
        <property name="file.separator" value="\"/>
        <property name="java.vendor.url.bug" value="http://bugreport.sun.com/bugreport/"/>
        <property name="sun.cpu.endian" value="little"/>
        <property name="sun.io.unicode.encoding" value="UnicodeLittle"/>
        <property name="sun.desktop" value="windows"/>
        <property name="sun.cpu.isalist" value="amd64"/>
    </properties>
    <testcase classname="Test" name="testStuClass" time="0.272">
        <error message="Error creating bean with name &apos;studentSchool&apos; defined in class path resource [Beans.xml]: Cannot resolve reference to bean &apos;school&apos; while setting bean property &apos;school&apos;; nested exception is org.springframework.beans.factory.NoSuchBeanDefinitionException: No bean named &apos;school&apos; available"
               type="org.springframework.beans.factory.BeanCreationException">
            org.springframework.beans.factory.BeanCreationException: Error creating bean with name &apos;studentSchool&apos;
            defined in class path resource [Beans.xml]: Cannot resolve reference to bean &apos;school&apos; while
            setting bean property &apos;school&apos;; nested exception is
            org.springframework.beans.factory.NoSuchBeanDefinitionException: No bean named &apos;school&apos; available
            at
            org.springframework.beans.factory.support.BeanDefinitionValueResolver.resolveReference(BeanDefinitionValueResolver.java:342)
            at
            org.springframework.beans.factory.support.BeanDefinitionValueResolver.resolveValueIfNecessary(BeanDefinitionValueResolver.java:113)
            at
            org.springframework.beans.factory.support.AbstractAutowireCapableBeanFactory.applyPropertyValues(AbstractAutowireCapableBeanFactory.java:1699)
            at
            org.springframework.beans.factory.support.AbstractAutowireCapableBeanFactory.populateBean(AbstractAutowireCapableBeanFactory.java:1444)
            at
            org.springframework.beans.factory.support.AbstractAutowireCapableBeanFactory.doCreateBean(AbstractAutowireCapableBeanFactory.java:594)
            at
            org.springframework.beans.factory.support.AbstractAutowireCapableBeanFactory.createBean(AbstractAutowireCapableBeanFactory.java:517)
            at
            org.springframework.beans.factory.support.AbstractBeanFactory.lambda$doGetBean$0(AbstractBeanFactory.java:323)
            at
            org.springframework.beans.factory.support.DefaultSingletonBeanRegistry.getSingleton(DefaultSingletonBeanRegistry.java:222)
            at org.springframework.beans.factory.support.AbstractBeanFactory.doGetBean(AbstractBeanFactory.java:321)
            at org.springframework.beans.factory.support.AbstractBeanFactory.getBean(AbstractBeanFactory.java:202)
            at
            org.springframework.beans.factory.support.DefaultListableBeanFactory.preInstantiateSingletons(DefaultListableBeanFactory.java:882)
            at
            org.springframework.context.support.AbstractApplicationContext.finishBeanFactoryInitialization(AbstractApplicationContext.java:878)
            at
            org.springframework.context.support.AbstractApplicationContext.refresh(AbstractApplicationContext.java:550)
            at org.springframework.context.support.ClassPathXmlApplicationContext.&lt;init&gt;(ClassPathXmlApplicationContext.java:144)
            at org.springframework.context.support.ClassPathXmlApplicationContext.&lt;init&gt;(ClassPathXmlApplicationContext.java:85)
            at Test.testStuClass(Test.java:34)
            at sun.reflect.NativeMethodAccessorImpl.invoke0(Native Method)
            at sun.reflect.NativeMethodAccessorImpl.invoke(NativeMethodAccessorImpl.java:62)
            at sun.reflect.DelegatingMethodAccessorImpl.invoke(DelegatingMethodAccessorImpl.java:43)
            at java.lang.reflect.Method.invoke(Method.java:498)
            at org.junit.runners.model.FrameworkMethod$1.runReflectiveCall(FrameworkMethod.java:47)
            at org.junit.internal.runners.model.ReflectiveCallable.run(ReflectiveCallable.java:12)
            at org.junit.runners.model.FrameworkMethod.invokeExplosively(FrameworkMethod.java:44)
            at org.junit.internal.runners.statements.InvokeMethod.evaluate(InvokeMethod.java:17)
            at org.junit.runners.ParentRunner.runLeaf(ParentRunner.java:271)
            at org.junit.runners.BlockJUnit4ClassRunner.runChild(BlockJUnit4ClassRunner.java:70)
            at org.junit.runners.BlockJUnit4ClassRunner.runChild(BlockJUnit4ClassRunner.java:50)
            at org.junit.runners.ParentRunner$3.run(ParentRunner.java:238)
            at org.junit.runners.ParentRunner$1.schedule(ParentRunner.java:63)
            at org.junit.runners.ParentRunner.runChildren(ParentRunner.java:236)
            at org.junit.runners.ParentRunner.access$000(ParentRunner.java:53)
            at org.junit.runners.ParentRunner$2.evaluate(ParentRunner.java:229)
            at org.junit.runners.ParentRunner.run(ParentRunner.java:309)
            at org.apache.maven.surefire.junit4.JUnit4Provider.execute(JUnit4Provider.java:252)
            at org.apache.maven.surefire.junit4.JUnit4Provider.executeTestSet(JUnit4Provider.java:141)
            at org.apache.maven.surefire.junit4.JUnit4Provider.invoke(JUnit4Provider.java:112)
            at sun.reflect.NativeMethodAccessorImpl.invoke0(Native Method)
            at sun.reflect.NativeMethodAccessorImpl.invoke(NativeMethodAccessorImpl.java:62)
            at sun.reflect.DelegatingMethodAccessorImpl.invoke(DelegatingMethodAccessorImpl.java:43)
            at java.lang.reflect.Method.invoke(Method.java:498)
            at org.apache.maven.surefire.util.ReflectionUtils.invokeMethodWithArray(ReflectionUtils.java:189)
            at org.apache.maven.surefire.booter.ProviderFactory$ProviderProxy.invoke(ProviderFactory.java:165)
            at org.apache.maven.surefire.booter.ProviderFactory.invokeProvider(ProviderFactory.java:85)
            at org.apache.maven.surefire.booter.ForkedBooter.runSuitesInProcess(ForkedBooter.java:115)
            at org.apache.maven.surefire.booter.ForkedBooter.main(ForkedBooter.java:75)
            Caused by: org.springframework.beans.factory.NoSuchBeanDefinitionException: No bean named &apos;school&apos;
            available
            at
            org.springframework.beans.factory.support.DefaultListableBeanFactory.getBeanDefinition(DefaultListableBeanFactory.java:808)
            at
            org.springframework.beans.factory.support.AbstractBeanFactory.getMergedLocalBeanDefinition(AbstractBeanFactory.java:1279)
            at org.springframework.beans.factory.support.AbstractBeanFactory.doGetBean(AbstractBeanFactory.java:297)
            at org.springframework.beans.factory.support.AbstractBeanFactory.getBean(AbstractBeanFactory.java:202)
            at
            org.springframework.beans.factory.support.BeanDefinitionValueResolver.resolveReference(BeanDefinitionValueResolver.java:330)
            ... 44 more
        </error>
        <system-err>���� 31, 2021 8:46:07 ���� org.springframework.context.support.AbstractApplicationContext refresh
            ����: Exception encountered during context initialization - cancelling refresh attempt:
            org.springframework.beans.factory.BeanCreationException: Error creating bean with name &apos;studentSchool&apos;
            defined in class path resource [Beans.xml]: Cannot resolve reference to bean &apos;school&apos; while
            setting bean property &apos;school&apos;; nested exception is
            org.springframework.beans.factory.NoSuchBeanDefinitionException: No bean named &apos;school&apos; available
        </system-err>
    </testcase>
    <testcase classname="Test" name="testOne" time="0.016">
        <error message="Error creating bean with name &apos;studentSchool&apos; defined in class path resource [Beans.xml]: Cannot resolve reference to bean &apos;school&apos; while setting bean property &apos;school&apos;; nested exception is org.springframework.beans.factory.NoSuchBeanDefinitionException: No bean named &apos;school&apos; available"
               type="org.springframework.beans.factory.BeanCreationException">
            org.springframework.beans.factory.BeanCreationException: Error creating bean with name &apos;studentSchool&apos;
            defined in class path resource [Beans.xml]: Cannot resolve reference to bean &apos;school&apos; while
            setting bean property &apos;school&apos;; nested exception is
            org.springframework.beans.factory.NoSuchBeanDefinitionException: No bean named &apos;school&apos; available
            at
            org.springframework.beans.factory.support.BeanDefinitionValueResolver.resolveReference(BeanDefinitionValueResolver.java:342)
            at
            org.springframework.beans.factory.support.BeanDefinitionValueResolver.resolveValueIfNecessary(BeanDefinitionValueResolver.java:113)
            at
            org.springframework.beans.factory.support.AbstractAutowireCapableBeanFactory.applyPropertyValues(AbstractAutowireCapableBeanFactory.java:1699)
            at
            org.springframework.beans.factory.support.AbstractAutowireCapableBeanFactory.populateBean(AbstractAutowireCapableBeanFactory.java:1444)
            at
            org.springframework.beans.factory.support.AbstractAutowireCapableBeanFactory.doCreateBean(AbstractAutowireCapableBeanFactory.java:594)
            at
            org.springframework.beans.factory.support.AbstractAutowireCapableBeanFactory.createBean(AbstractAutowireCapableBeanFactory.java:517)
            at
            org.springframework.beans.factory.support.AbstractBeanFactory.lambda$doGetBean$0(AbstractBeanFactory.java:323)
            at
            org.springframework.beans.factory.support.DefaultSingletonBeanRegistry.getSingleton(DefaultSingletonBeanRegistry.java:222)
            at org.springframework.beans.factory.support.AbstractBeanFactory.doGetBean(AbstractBeanFactory.java:321)
            at org.springframework.beans.factory.support.AbstractBeanFactory.getBean(AbstractBeanFactory.java:202)
            at
            org.springframework.beans.factory.support.DefaultListableBeanFactory.preInstantiateSingletons(DefaultListableBeanFactory.java:882)
            at
            org.springframework.context.support.AbstractApplicationContext.finishBeanFactoryInitialization(AbstractApplicationContext.java:878)
            at
            org.springframework.context.support.AbstractApplicationContext.refresh(AbstractApplicationContext.java:550)
            at org.springframework.context.support.ClassPathXmlApplicationContext.&lt;init&gt;(ClassPathXmlApplicationContext.java:144)
            at org.springframework.context.support.ClassPathXmlApplicationContext.&lt;init&gt;(ClassPathXmlApplicationContext.java:85)
            at Test.testOne(Test.java:12)
            at sun.reflect.NativeMethodAccessorImpl.invoke0(Native Method)
            at sun.reflect.NativeMethodAccessorImpl.invoke(NativeMethodAccessorImpl.java:62)
            at sun.reflect.DelegatingMethodAccessorImpl.invoke(DelegatingMethodAccessorImpl.java:43)
            at java.lang.reflect.Method.invoke(Method.java:498)
            at org.junit.runners.model.FrameworkMethod$1.runReflectiveCall(FrameworkMethod.java:47)
            at org.junit.internal.runners.model.ReflectiveCallable.run(ReflectiveCallable.java:12)
            at org.junit.runners.model.FrameworkMethod.invokeExplosively(FrameworkMethod.java:44)
            at org.junit.internal.runners.statements.InvokeMethod.evaluate(InvokeMethod.java:17)
            at org.junit.runners.ParentRunner.runLeaf(ParentRunner.java:271)
            at org.junit.runners.BlockJUnit4ClassRunner.runChild(BlockJUnit4ClassRunner.java:70)
            at org.junit.runners.BlockJUnit4ClassRunner.runChild(BlockJUnit4ClassRunner.java:50)
            at org.junit.runners.ParentRunner$3.run(ParentRunner.java:238)
            at org.junit.runners.ParentRunner$1.schedule(ParentRunner.java:63)
            at org.junit.runners.ParentRunner.runChildren(ParentRunner.java:236)
            at org.junit.runners.ParentRunner.access$000(ParentRunner.java:53)
            at org.junit.runners.ParentRunner$2.evaluate(ParentRunner.java:229)
            at org.junit.runners.ParentRunner.run(ParentRunner.java:309)
            at org.apache.maven.surefire.junit4.JUnit4Provider.execute(JUnit4Provider.java:252)
            at org.apache.maven.surefire.junit4.JUnit4Provider.executeTestSet(JUnit4Provider.java:141)
            at org.apache.maven.surefire.junit4.JUnit4Provider.invoke(JUnit4Provider.java:112)
            at sun.reflect.NativeMethodAccessorImpl.invoke0(Native Method)
            at sun.reflect.NativeMethodAccessorImpl.invoke(NativeMethodAccessorImpl.java:62)
            at sun.reflect.DelegatingMethodAccessorImpl.invoke(DelegatingMethodAccessorImpl.java:43)
            at java.lang.reflect.Method.invoke(Method.java:498)
            at org.apache.maven.surefire.util.ReflectionUtils.invokeMethodWithArray(ReflectionUtils.java:189)
            at org.apache.maven.surefire.booter.ProviderFactory$ProviderProxy.invoke(ProviderFactory.java:165)
            at org.apache.maven.surefire.booter.ProviderFactory.invokeProvider(ProviderFactory.java:85)
            at org.apache.maven.surefire.booter.ForkedBooter.runSuitesInProcess(ForkedBooter.java:115)
            at org.apache.maven.surefire.booter.ForkedBooter.main(ForkedBooter.java:75)
            Caused by: org.springframework.beans.factory.NoSuchBeanDefinitionException: No bean named &apos;school&apos;
            available
            at
            org.springframework.beans.factory.support.DefaultListableBeanFactory.getBeanDefinition(DefaultListableBeanFactory.java:808)
            at
            org.springframework.beans.factory.support.AbstractBeanFactory.getMergedLocalBeanDefinition(AbstractBeanFactory.java:1279)
            at org.springframework.beans.factory.support.AbstractBeanFactory.doGetBean(AbstractBeanFactory.java:297)
            at org.springframework.beans.factory.support.AbstractBeanFactory.getBean(AbstractBeanFactory.java:202)
            at
            org.springframework.beans.factory.support.BeanDefinitionValueResolver.resolveReference(BeanDefinitionValueResolver.java:330)
            ... 44 more
        </error>
        <system-err>���� 31, 2021 8:46:08 ���� org.springframework.context.support.AbstractApplicationContext refresh
            ����: Exception encountered during context initialization - cancelling refresh attempt:
            org.springframework.beans.factory.BeanCreationException: Error creating bean with name &apos;studentSchool&apos;
            defined in class path resource [Beans.xml]: Cannot resolve reference to bean &apos;school&apos; while
            setting bean property &apos;school&apos;; nested exception is
            org.springframework.beans.factory.NoSuchBeanDefinitionException: No bean named &apos;school&apos; available
        </system-err>
    </testcase>
    <testcase classname="Test" name="testBooks" time="0.015">
        <error message="Error creating bean with name &apos;studentSchool&apos; defined in class path resource [Beans.xml]: Cannot resolve reference to bean &apos;school&apos; while setting bean property &apos;school&apos;; nested exception is org.springframework.beans.factory.NoSuchBeanDefinitionException: No bean named &apos;school&apos; available"
               type="org.springframework.beans.factory.BeanCreationException">
            org.springframework.beans.factory.BeanCreationException: Error creating bean with name &apos;studentSchool&apos;
            defined in class path resource [Beans.xml]: Cannot resolve reference to bean &apos;school&apos; while
            setting bean property &apos;school&apos;; nested exception is
            org.springframework.beans.factory.NoSuchBeanDefinitionException: No bean named &apos;school&apos; available
            at
            org.springframework.beans.factory.support.BeanDefinitionValueResolver.resolveReference(BeanDefinitionValueResolver.java:342)
            at
            org.springframework.beans.factory.support.BeanDefinitionValueResolver.resolveValueIfNecessary(BeanDefinitionValueResolver.java:113)
            at
            org.springframework.beans.factory.support.AbstractAutowireCapableBeanFactory.applyPropertyValues(AbstractAutowireCapableBeanFactory.java:1699)
            at
            org.springframework.beans.factory.support.AbstractAutowireCapableBeanFactory.populateBean(AbstractAutowireCapableBeanFactory.java:1444)
            at
            org.springframework.beans.factory.support.AbstractAutowireCapableBeanFactory.doCreateBean(AbstractAutowireCapableBeanFactory.java:594)
            at
            org.springframework.beans.factory.support.AbstractAutowireCapableBeanFactory.createBean(AbstractAutowireCapableBeanFactory.java:517)
            at
            org.springframework.beans.factory.support.AbstractBeanFactory.lambda$doGetBean$0(AbstractBeanFactory.java:323)
            at
            org.springframework.beans.factory.support.DefaultSingletonBeanRegistry.getSingleton(DefaultSingletonBeanRegistry.java:222)
            at org.springframework.beans.factory.support.AbstractBeanFactory.doGetBean(AbstractBeanFactory.java:321)
            at org.springframework.beans.factory.support.AbstractBeanFactory.getBean(AbstractBeanFactory.java:202)
            at
            org.springframework.beans.factory.support.DefaultListableBeanFactory.preInstantiateSingletons(DefaultListableBeanFactory.java:882)
            at
            org.springframework.context.support.AbstractApplicationContext.finishBeanFactoryInitialization(AbstractApplicationContext.java:878)
            at
            org.springframework.context.support.AbstractApplicationContext.refresh(AbstractApplicationContext.java:550)
            at org.springframework.context.support.ClassPathXmlApplicationContext.&lt;init&gt;(ClassPathXmlApplicationContext.java:144)
            at org.springframework.context.support.ClassPathXmlApplicationContext.&lt;init&gt;(ClassPathXmlApplicationContext.java:85)
            at Test.testBooks(Test.java:54)
            at sun.reflect.NativeMethodAccessorImpl.invoke0(Native Method)
            at sun.reflect.NativeMethodAccessorImpl.invoke(NativeMethodAccessorImpl.java:62)
            at sun.reflect.DelegatingMethodAccessorImpl.invoke(DelegatingMethodAccessorImpl.java:43)
            at java.lang.reflect.Method.invoke(Method.java:498)
            at org.junit.runners.model.FrameworkMethod$1.runReflectiveCall(FrameworkMethod.java:47)
            at org.junit.internal.runners.model.ReflectiveCallable.run(ReflectiveCallable.java:12)
            at org.junit.runners.model.FrameworkMethod.invokeExplosively(FrameworkMethod.java:44)
            at org.junit.internal.runners.statements.InvokeMethod.evaluate(InvokeMethod.java:17)
            at org.junit.runners.ParentRunner.runLeaf(ParentRunner.java:271)
            at org.junit.runners.BlockJUnit4ClassRunner.runChild(BlockJUnit4ClassRunner.java:70)
            at org.junit.runners.BlockJUnit4ClassRunner.runChild(BlockJUnit4ClassRunner.java:50)
            at org.junit.runners.ParentRunner$3.run(ParentRunner.java:238)
            at org.junit.runners.ParentRunner$1.schedule(ParentRunner.java:63)
            at org.junit.runners.ParentRunner.runChildren(ParentRunner.java:236)
            at org.junit.runners.ParentRunner.access$000(ParentRunner.java:53)
            at org.junit.runners.ParentRunner$2.evaluate(ParentRunner.java:229)
            at org.junit.runners.ParentRunner.run(ParentRunner.java:309)
            at org.apache.maven.surefire.junit4.JUnit4Provider.execute(JUnit4Provider.java:252)
            at org.apache.maven.surefire.junit4.JUnit4Provider.executeTestSet(JUnit4Provider.java:141)
            at org.apache.maven.surefire.junit4.JUnit4Provider.invoke(JUnit4Provider.java:112)
            at sun.reflect.NativeMethodAccessorImpl.invoke0(Native Method)
            at sun.reflect.NativeMethodAccessorImpl.invoke(NativeMethodAccessorImpl.java:62)
            at sun.reflect.DelegatingMethodAccessorImpl.invoke(DelegatingMethodAccessorImpl.java:43)
            at java.lang.reflect.Method.invoke(Method.java:498)
            at org.apache.maven.surefire.util.ReflectionUtils.invokeMethodWithArray(ReflectionUtils.java:189)
            at org.apache.maven.surefire.booter.ProviderFactory$ProviderProxy.invoke(ProviderFactory.java:165)
            at org.apache.maven.surefire.booter.ProviderFactory.invokeProvider(ProviderFactory.java:85)
            at org.apache.maven.surefire.booter.ForkedBooter.runSuitesInProcess(ForkedBooter.java:115)
            at org.apache.maven.surefire.booter.ForkedBooter.main(ForkedBooter.java:75)
            Caused by: org.springframework.beans.factory.NoSuchBeanDefinitionException: No bean named &apos;school&apos;
            available
            at
            org.springframework.beans.factory.support.DefaultListableBeanFactory.getBeanDefinition(DefaultListableBeanFactory.java:808)
            at
            org.springframework.beans.factory.support.AbstractBeanFactory.getMergedLocalBeanDefinition(AbstractBeanFactory.java:1279)
            at org.springframework.beans.factory.support.AbstractBeanFactory.doGetBean(AbstractBeanFactory.java:297)
            at org.springframework.beans.factory.support.AbstractBeanFactory.getBean(AbstractBeanFactory.java:202)
            at
            org.springframework.beans.factory.support.BeanDefinitionValueResolver.resolveReference(BeanDefinitionValueResolver.java:330)
            ... 44 more
        </error>
        <system-err>���� 31, 2021 8:46:08 ���� org.springframework.context.support.AbstractApplicationContext refresh
            ����: Exception encountered during context initialization - cancelling refresh attempt:
            org.springframework.beans.factory.BeanCreationException: Error creating bean with name &apos;studentSchool&apos;
            defined in class path resource [Beans.xml]: Cannot resolve reference to bean &apos;school&apos; while
            setting bean property &apos;school&apos;; nested exception is
            org.springframework.beans.factory.NoSuchBeanDefinitionException: No bean named &apos;school&apos; available
        </system-err>
    </testcase>
    <testcase classname="Test" name="testModel" time="0.042">
        <error message="Error creating bean with name &apos;book&apos; defined in URL [file:/D:/workspace/framework/spring/Demo-Two/target/classes/SBook.xml]: Unsatisfied dependency expressed through bean property &apos;school&apos;; nested exception is org.springframework.beans.factory.BeanCreationException: Error creating bean with name &apos;school&apos; defined in URL [file:/D:/workspace/framework/spring/Demo-Two/target/classes/School.xml]: Error setting property values; nested exception is org.springframework.beans.NotWritablePropertyException: Invalid property &apos;schoolName &apos; of bean class [entity.School]: Bean property &apos;schoolName &apos; is not writable or has an invalid setter method. Did you mean &apos;schoolName&apos;?"
               type="org.springframework.beans.factory.UnsatisfiedDependencyException">
            org.springframework.beans.factory.UnsatisfiedDependencyException: Error creating bean with name &apos;book&apos;
            defined in URL [file:/D:/workspace/framework/spring/Demo-Two/target/classes/SBook.xml]: Unsatisfied
            dependency expressed through bean property &apos;school&apos;; nested exception is
            org.springframework.beans.factory.BeanCreationException: Error creating bean with name &apos;school&apos;
            defined in URL [file:/D:/workspace/framework/spring/Demo-Two/target/classes/School.xml]: Error setting
            property values; nested exception is org.springframework.beans.NotWritablePropertyException: Invalid
            property &apos;schoolName &apos; of bean class [entity.School]: Bean property &apos;schoolName &apos; is not
            writable or has an invalid setter method. Did you mean &apos;schoolName&apos;?
            at
            org.springframework.beans.factory.support.AbstractAutowireCapableBeanFactory.autowireByType(AbstractAutowireCapableBeanFactory.java:1526)
            at
            org.springframework.beans.factory.support.AbstractAutowireCapableBeanFactory.populateBean(AbstractAutowireCapableBeanFactory.java:1406)
            at
            org.springframework.beans.factory.support.AbstractAutowireCapableBeanFactory.doCreateBean(AbstractAutowireCapableBeanFactory.java:594)
            at
            org.springframework.beans.factory.support.AbstractAutowireCapableBeanFactory.createBean(AbstractAutowireCapableBeanFactory.java:517)
            at
            org.springframework.beans.factory.support.AbstractBeanFactory.lambda$doGetBean$0(AbstractBeanFactory.java:323)
            at
            org.springframework.beans.factory.support.DefaultSingletonBeanRegistry.getSingleton(DefaultSingletonBeanRegistry.java:222)
            at org.springframework.beans.factory.support.AbstractBeanFactory.doGetBean(AbstractBeanFactory.java:321)
            at org.springframework.beans.factory.support.AbstractBeanFactory.getBean(AbstractBeanFactory.java:202)
            at
            org.springframework.beans.factory.support.DefaultListableBeanFactory.preInstantiateSingletons(DefaultListableBeanFactory.java:882)
            at
            org.springframework.context.support.AbstractApplicationContext.finishBeanFactoryInitialization(AbstractApplicationContext.java:878)
            at
            org.springframework.context.support.AbstractApplicationContext.refresh(AbstractApplicationContext.java:550)
            at org.springframework.context.support.ClassPathXmlApplicationContext.&lt;init&gt;(ClassPathXmlApplicationContext.java:144)
            at org.springframework.context.support.ClassPathXmlApplicationContext.&lt;init&gt;(ClassPathXmlApplicationContext.java:85)
            at Test.testModel(Test.java:61)
            at sun.reflect.NativeMethodAccessorImpl.invoke0(Native Method)
            at sun.reflect.NativeMethodAccessorImpl.invoke(NativeMethodAccessorImpl.java:62)
            at sun.reflect.DelegatingMethodAccessorImpl.invoke(DelegatingMethodAccessorImpl.java:43)
            at java.lang.reflect.Method.invoke(Method.java:498)
            at org.junit.runners.model.FrameworkMethod$1.runReflectiveCall(FrameworkMethod.java:47)
            at org.junit.internal.runners.model.ReflectiveCallable.run(ReflectiveCallable.java:12)
            at org.junit.runners.model.FrameworkMethod.invokeExplosively(FrameworkMethod.java:44)
            at org.junit.internal.runners.statements.InvokeMethod.evaluate(InvokeMethod.java:17)
            at org.junit.runners.ParentRunner.runLeaf(ParentRunner.java:271)
            at org.junit.runners.BlockJUnit4ClassRunner.runChild(BlockJUnit4ClassRunner.java:70)
            at org.junit.runners.BlockJUnit4ClassRunner.runChild(BlockJUnit4ClassRunner.java:50)
            at org.junit.runners.ParentRunner$3.run(ParentRunner.java:238)
            at org.junit.runners.ParentRunner$1.schedule(ParentRunner.java:63)
            at org.junit.runners.ParentRunner.runChildren(ParentRunner.java:236)
            at org.junit.runners.ParentRunner.access$000(ParentRunner.java:53)
            at org.junit.runners.ParentRunner$2.evaluate(ParentRunner.java:229)
            at org.junit.runners.ParentRunner.run(ParentRunner.java:309)
            at org.apache.maven.surefire.junit4.JUnit4Provider.execute(JUnit4Provider.java:252)
            at org.apache.maven.surefire.junit4.JUnit4Provider.executeTestSet(JUnit4Provider.java:141)
            at org.apache.maven.surefire.junit4.JUnit4Provider.invoke(JUnit4Provider.java:112)
            at sun.reflect.NativeMethodAccessorImpl.invoke0(Native Method)
            at sun.reflect.NativeMethodAccessorImpl.invoke(NativeMethodAccessorImpl.java:62)
            at sun.reflect.DelegatingMethodAccessorImpl.invoke(DelegatingMethodAccessorImpl.java:43)
            at java.lang.reflect.Method.invoke(Method.java:498)
            at org.apache.maven.surefire.util.ReflectionUtils.invokeMethodWithArray(ReflectionUtils.java:189)
            at org.apache.maven.surefire.booter.ProviderFactory$ProviderProxy.invoke(ProviderFactory.java:165)
            at org.apache.maven.surefire.booter.ProviderFactory.invokeProvider(ProviderFactory.java:85)
            at org.apache.maven.surefire.booter.ForkedBooter.runSuitesInProcess(ForkedBooter.java:115)
            at org.apache.maven.surefire.booter.ForkedBooter.main(ForkedBooter.java:75)
            Caused by: org.springframework.beans.factory.BeanCreationException: Error creating bean with name &apos;school&apos;
            defined in URL [file:/D:/workspace/framework/spring/Demo-Two/target/classes/School.xml]: Error setting
            property values; nested exception is org.springframework.beans.NotWritablePropertyException: Invalid
            property &apos;schoolName &apos; of bean class [entity.School]: Bean property &apos;schoolName &apos; is not
            writable or has an invalid setter method. Did you mean &apos;schoolName&apos;?
            at
            org.springframework.beans.factory.support.AbstractAutowireCapableBeanFactory.applyPropertyValues(AbstractAutowireCapableBeanFactory.java:1736)
            at
            org.springframework.beans.factory.support.AbstractAutowireCapableBeanFactory.populateBean(AbstractAutowireCapableBeanFactory.java:1444)
            at
            org.springframework.beans.factory.support.AbstractAutowireCapableBeanFactory.doCreateBean(AbstractAutowireCapableBeanFactory.java:594)
            at
            org.springframework.beans.factory.support.AbstractAutowireCapableBeanFactory.createBean(AbstractAutowireCapableBeanFactory.java:517)
            at
            org.springframework.beans.factory.support.AbstractBeanFactory.lambda$doGetBean$0(AbstractBeanFactory.java:323)
            at
            org.springframework.beans.factory.support.DefaultSingletonBeanRegistry.getSingleton(DefaultSingletonBeanRegistry.java:222)
            at org.springframework.beans.factory.support.AbstractBeanFactory.doGetBean(AbstractBeanFactory.java:321)
            at org.springframework.beans.factory.support.AbstractBeanFactory.getBean(AbstractBeanFactory.java:202)
            at
            org.springframework.beans.factory.config.DependencyDescriptor.resolveCandidate(DependencyDescriptor.java:276)
            at
            org.springframework.beans.factory.support.DefaultListableBeanFactory.doResolveDependency(DefaultListableBeanFactory.java:1290)
            at
            org.springframework.beans.factory.support.DefaultListableBeanFactory.resolveDependency(DefaultListableBeanFactory.java:1210)
            at
            org.springframework.beans.factory.support.AbstractAutowireCapableBeanFactory.autowireByType(AbstractAutowireCapableBeanFactory.java:1511)
            ... 42 more
            Caused by: org.springframework.beans.NotWritablePropertyException: Invalid property &apos;schoolName &apos;
            of bean class [entity.School]: Bean property &apos;schoolName &apos; is not writable or has an invalid
            setter method. Did you mean &apos;schoolName&apos;?
            at org.springframework.beans.BeanWrapperImpl.createNotWritablePropertyException(BeanWrapperImpl.java:243)
            at
            org.springframework.beans.AbstractNestablePropertyAccessor.processLocalProperty(AbstractNestablePropertyAccessor.java:426)
            at
            org.springframework.beans.AbstractNestablePropertyAccessor.setPropertyValue(AbstractNestablePropertyAccessor.java:278)
            at
            org.springframework.beans.AbstractNestablePropertyAccessor.setPropertyValue(AbstractNestablePropertyAccessor.java:266)
            at org.springframework.beans.AbstractPropertyAccessor.setPropertyValues(AbstractPropertyAccessor.java:97)
            at org.springframework.beans.AbstractPropertyAccessor.setPropertyValues(AbstractPropertyAccessor.java:77)
            at
            org.springframework.beans.factory.support.AbstractAutowireCapableBeanFactory.applyPropertyValues(AbstractAutowireCapableBeanFactory.java:1732)
            ... 53 more
        </error>
        <system-err>���� 31, 2021 8:46:08 ���� org.springframework.context.support.AbstractApplicationContext refresh
            ����: Exception encountered during context initialization - cancelling refresh attempt:
            org.springframework.beans.factory.UnsatisfiedDependencyException: Error creating bean with name &apos;book&apos;
            defined in URL [file:/D:/workspace/framework/spring/Demo-Two/target/classes/SBook.xml]: Unsatisfied
            dependency expressed through bean property &apos;school&apos;; nested exception is
            org.springframework.beans.factory.BeanCreationException: Error creating bean with name &apos;school&apos;
            defined in URL [file:/D:/workspace/framework/spring/Demo-Two/target/classes/School.xml]: Error setting
            property values; nested exception is org.springframework.beans.NotWritablePropertyException: Invalid
            property &apos;schoolName &apos; of bean class [entity.School]: Bean property &apos;schoolName &apos; is not
            writable or has an invalid setter method. Did you mean &apos;schoolName&apos;?
        </system-err>
    </testcase>
    <testcase classname="Test" name="TestStudentSchool" time="0.013">
        <error message="Error creating bean with name &apos;studentSchool&apos; defined in class path resource [Beans.xml]: Cannot resolve reference to bean &apos;school&apos; while setting bean property &apos;school&apos;; nested exception is org.springframework.beans.factory.NoSuchBeanDefinitionException: No bean named &apos;school&apos; available"
               type="org.springframework.beans.factory.BeanCreationException">
            org.springframework.beans.factory.BeanCreationException: Error creating bean with name &apos;studentSchool&apos;
            defined in class path resource [Beans.xml]: Cannot resolve reference to bean &apos;school&apos; while
            setting bean property &apos;school&apos;; nested exception is
            org.springframework.beans.factory.NoSuchBeanDefinitionException: No bean named &apos;school&apos; available
            at
            org.springframework.beans.factory.support.BeanDefinitionValueResolver.resolveReference(BeanDefinitionValueResolver.java:342)
            at
            org.springframework.beans.factory.support.BeanDefinitionValueResolver.resolveValueIfNecessary(BeanDefinitionValueResolver.java:113)
            at
            org.springframework.beans.factory.support.AbstractAutowireCapableBeanFactory.applyPropertyValues(AbstractAutowireCapableBeanFactory.java:1699)
            at
            org.springframework.beans.factory.support.AbstractAutowireCapableBeanFactory.populateBean(AbstractAutowireCapableBeanFactory.java:1444)
            at
            org.springframework.beans.factory.support.AbstractAutowireCapableBeanFactory.doCreateBean(AbstractAutowireCapableBeanFactory.java:594)
            at
            org.springframework.beans.factory.support.AbstractAutowireCapableBeanFactory.createBean(AbstractAutowireCapableBeanFactory.java:517)
            at
            org.springframework.beans.factory.support.AbstractBeanFactory.lambda$doGetBean$0(AbstractBeanFactory.java:323)
            at
            org.springframework.beans.factory.support.DefaultSingletonBeanRegistry.getSingleton(DefaultSingletonBeanRegistry.java:222)
            at org.springframework.beans.factory.support.AbstractBeanFactory.doGetBean(AbstractBeanFactory.java:321)
            at org.springframework.beans.factory.support.AbstractBeanFactory.getBean(AbstractBeanFactory.java:202)
            at
            org.springframework.beans.factory.support.DefaultListableBeanFactory.preInstantiateSingletons(DefaultListableBeanFactory.java:882)
            at
            org.springframework.context.support.AbstractApplicationContext.finishBeanFactoryInitialization(AbstractApplicationContext.java:878)
            at
            org.springframework.context.support.AbstractApplicationContext.refresh(AbstractApplicationContext.java:550)
            at org.springframework.context.support.ClassPathXmlApplicationContext.&lt;init&gt;(ClassPathXmlApplicationContext.java:144)
            at org.springframework.context.support.ClassPathXmlApplicationContext.&lt;init&gt;(ClassPathXmlApplicationContext.java:85)
            at Test.TestStudentSchool(Test.java:24)
            at sun.reflect.NativeMethodAccessorImpl.invoke0(Native Method)
            at sun.reflect.NativeMethodAccessorImpl.invoke(NativeMethodAccessorImpl.java:62)
            at sun.reflect.DelegatingMethodAccessorImpl.invoke(DelegatingMethodAccessorImpl.java:43)
            at java.lang.reflect.Method.invoke(Method.java:498)
            at org.junit.runners.model.FrameworkMethod$1.runReflectiveCall(FrameworkMethod.java:47)
            at org.junit.internal.runners.model.ReflectiveCallable.run(ReflectiveCallable.java:12)
            at org.junit.runners.model.FrameworkMethod.invokeExplosively(FrameworkMethod.java:44)
            at org.junit.internal.runners.statements.InvokeMethod.evaluate(InvokeMethod.java:17)
            at org.junit.runners.ParentRunner.runLeaf(ParentRunner.java:271)
            at org.junit.runners.BlockJUnit4ClassRunner.runChild(BlockJUnit4ClassRunner.java:70)
            at org.junit.runners.BlockJUnit4ClassRunner.runChild(BlockJUnit4ClassRunner.java:50)
            at org.junit.runners.ParentRunner$3.run(ParentRunner.java:238)
            at org.junit.runners.ParentRunner$1.schedule(ParentRunner.java:63)
            at org.junit.runners.ParentRunner.runChildren(ParentRunner.java:236)
            at org.junit.runners.ParentRunner.access$000(ParentRunner.java:53)
            at org.junit.runners.ParentRunner$2.evaluate(ParentRunner.java:229)
            at org.junit.runners.ParentRunner.run(ParentRunner.java:309)
            at org.apache.maven.surefire.junit4.JUnit4Provider.execute(JUnit4Provider.java:252)
            at org.apache.maven.surefire.junit4.JUnit4Provider.executeTestSet(JUnit4Provider.java:141)
            at org.apache.maven.surefire.junit4.JUnit4Provider.invoke(JUnit4Provider.java:112)
            at sun.reflect.NativeMethodAccessorImpl.invoke0(Native Method)
            at sun.reflect.NativeMethodAccessorImpl.invoke(NativeMethodAccessorImpl.java:62)
            at sun.reflect.DelegatingMethodAccessorImpl.invoke(DelegatingMethodAccessorImpl.java:43)
            at java.lang.reflect.Method.invoke(Method.java:498)
            at org.apache.maven.surefire.util.ReflectionUtils.invokeMethodWithArray(ReflectionUtils.java:189)
            at org.apache.maven.surefire.booter.ProviderFactory$ProviderProxy.invoke(ProviderFactory.java:165)
            at org.apache.maven.surefire.booter.ProviderFactory.invokeProvider(ProviderFactory.java:85)
            at org.apache.maven.surefire.booter.ForkedBooter.runSuitesInProcess(ForkedBooter.java:115)
            at org.apache.maven.surefire.booter.ForkedBooter.main(ForkedBooter.java:75)
            Caused by: org.springframework.beans.factory.NoSuchBeanDefinitionException: No bean named &apos;school&apos;
            available
            at
            org.springframework.beans.factory.support.DefaultListableBeanFactory.getBeanDefinition(DefaultListableBeanFactory.java:808)
            at
            org.springframework.beans.factory.support.AbstractBeanFactory.getMergedLocalBeanDefinition(AbstractBeanFactory.java:1279)
            at org.springframework.beans.factory.support.AbstractBeanFactory.doGetBean(AbstractBeanFactory.java:297)
            at org.springframework.beans.factory.support.AbstractBeanFactory.getBean(AbstractBeanFactory.java:202)
            at
            org.springframework.beans.factory.support.BeanDefinitionValueResolver.resolveReference(BeanDefinitionValueResolver.java:330)
            ... 44 more
        </error>
        <system-err>���� 31, 2021 8:46:08 ���� org.springframework.context.support.AbstractApplicationContext refresh
            ����: Exception encountered during context initialization - cancelling refresh attempt:
            org.springframework.beans.factory.BeanCreationException: Error creating bean with name &apos;studentSchool&apos;
            defined in class path resource [Beans.xml]: Cannot resolve reference to bean &apos;school&apos; while
            setting bean property &apos;school&apos;; nested exception is
            org.springframework.beans.factory.NoSuchBeanDefinitionException: No bean named &apos;school&apos; available
        </system-err>
    </testcase>
    <testcase classname="Test" name="testByName" time="0.012">
        <error message="Error creating bean with name &apos;studentSchool&apos; defined in class path resource [Beans.xml]: Cannot resolve reference to bean &apos;school&apos; while setting bean property &apos;school&apos;; nested exception is org.springframework.beans.factory.NoSuchBeanDefinitionException: No bean named &apos;school&apos; available"
               type="org.springframework.beans.factory.BeanCreationException">
            org.springframework.beans.factory.BeanCreationException: Error creating bean with name &apos;studentSchool&apos;
            defined in class path resource [Beans.xml]: Cannot resolve reference to bean &apos;school&apos; while
            setting bean property &apos;school&apos;; nested exception is
            org.springframework.beans.factory.NoSuchBeanDefinitionException: No bean named &apos;school&apos; available
            at
            org.springframework.beans.factory.support.BeanDefinitionValueResolver.resolveReference(BeanDefinitionValueResolver.java:342)
            at
            org.springframework.beans.factory.support.BeanDefinitionValueResolver.resolveValueIfNecessary(BeanDefinitionValueResolver.java:113)
            at
            org.springframework.beans.factory.support.AbstractAutowireCapableBeanFactory.applyPropertyValues(AbstractAutowireCapableBeanFactory.java:1699)
            at
            org.springframework.beans.factory.support.AbstractAutowireCapableBeanFactory.populateBean(AbstractAutowireCapableBeanFactory.java:1444)
            at
            org.springframework.beans.factory.support.AbstractAutowireCapableBeanFactory.doCreateBean(AbstractAutowireCapableBeanFactory.java:594)
            at
            org.springframework.beans.factory.support.AbstractAutowireCapableBeanFactory.createBean(AbstractAutowireCapableBeanFactory.java:517)
            at
            org.springframework.beans.factory.support.AbstractBeanFactory.lambda$doGetBean$0(AbstractBeanFactory.java:323)
            at
            org.springframework.beans.factory.support.DefaultSingletonBeanRegistry.getSingleton(DefaultSingletonBeanRegistry.java:222)
            at org.springframework.beans.factory.support.AbstractBeanFactory.doGetBean(AbstractBeanFactory.java:321)
            at org.springframework.beans.factory.support.AbstractBeanFactory.getBean(AbstractBeanFactory.java:202)
            at
            org.springframework.beans.factory.support.DefaultListableBeanFactory.preInstantiateSingletons(DefaultListableBeanFactory.java:882)
            at
            org.springframework.context.support.AbstractApplicationContext.finishBeanFactoryInitialization(AbstractApplicationContext.java:878)
            at
            org.springframework.context.support.AbstractApplicationContext.refresh(AbstractApplicationContext.java:550)
            at org.springframework.context.support.ClassPathXmlApplicationContext.&lt;init&gt;(ClassPathXmlApplicationContext.java:144)
            at org.springframework.context.support.ClassPathXmlApplicationContext.&lt;init&gt;(ClassPathXmlApplicationContext.java:85)
            at Test.testByName(Test.java:44)
            at sun.reflect.NativeMethodAccessorImpl.invoke0(Native Method)
            at sun.reflect.NativeMethodAccessorImpl.invoke(NativeMethodAccessorImpl.java:62)
            at sun.reflect.DelegatingMethodAccessorImpl.invoke(DelegatingMethodAccessorImpl.java:43)
            at java.lang.reflect.Method.invoke(Method.java:498)
            at org.junit.runners.model.FrameworkMethod$1.runReflectiveCall(FrameworkMethod.java:47)
            at org.junit.internal.runners.model.ReflectiveCallable.run(ReflectiveCallable.java:12)
            at org.junit.runners.model.FrameworkMethod.invokeExplosively(FrameworkMethod.java:44)
            at org.junit.internal.runners.statements.InvokeMethod.evaluate(InvokeMethod.java:17)
            at org.junit.runners.ParentRunner.runLeaf(ParentRunner.java:271)
            at org.junit.runners.BlockJUnit4ClassRunner.runChild(BlockJUnit4ClassRunner.java:70)
            at org.junit.runners.BlockJUnit4ClassRunner.runChild(BlockJUnit4ClassRunner.java:50)
            at org.junit.runners.ParentRunner$3.run(ParentRunner.java:238)
            at org.junit.runners.ParentRunner$1.schedule(ParentRunner.java:63)
            at org.junit.runners.ParentRunner.runChildren(ParentRunner.java:236)
            at org.junit.runners.ParentRunner.access$000(ParentRunner.java:53)
            at org.junit.runners.ParentRunner$2.evaluate(ParentRunner.java:229)
            at org.junit.runners.ParentRunner.run(ParentRunner.java:309)
            at org.apache.maven.surefire.junit4.JUnit4Provider.execute(JUnit4Provider.java:252)
            at org.apache.maven.surefire.junit4.JUnit4Provider.executeTestSet(JUnit4Provider.java:141)
            at org.apache.maven.surefire.junit4.JUnit4Provider.invoke(JUnit4Provider.java:112)
            at sun.reflect.NativeMethodAccessorImpl.invoke0(Native Method)
            at sun.reflect.NativeMethodAccessorImpl.invoke(NativeMethodAccessorImpl.java:62)
            at sun.reflect.DelegatingMethodAccessorImpl.invoke(DelegatingMethodAccessorImpl.java:43)
            at java.lang.reflect.Method.invoke(Method.java:498)
            at org.apache.maven.surefire.util.ReflectionUtils.invokeMethodWithArray(ReflectionUtils.java:189)
            at org.apache.maven.surefire.booter.ProviderFactory$ProviderProxy.invoke(ProviderFactory.java:165)
            at org.apache.maven.surefire.booter.ProviderFactory.invokeProvider(ProviderFactory.java:85)
            at org.apache.maven.surefire.booter.ForkedBooter.runSuitesInProcess(ForkedBooter.java:115)
            at org.apache.maven.surefire.booter.ForkedBooter.main(ForkedBooter.java:75)
            Caused by: org.springframework.beans.factory.NoSuchBeanDefinitionException: No bean named &apos;school&apos;
            available
            at
            org.springframework.beans.factory.support.DefaultListableBeanFactory.getBeanDefinition(DefaultListableBeanFactory.java:808)
            at
            org.springframework.beans.factory.support.AbstractBeanFactory.getMergedLocalBeanDefinition(AbstractBeanFactory.java:1279)
            at org.springframework.beans.factory.support.AbstractBeanFactory.doGetBean(AbstractBeanFactory.java:297)
            at org.springframework.beans.factory.support.AbstractBeanFactory.getBean(AbstractBeanFactory.java:202)
            at
            org.springframework.beans.factory.support.BeanDefinitionValueResolver.resolveReference(BeanDefinitionValueResolver.java:330)
            ... 44 more
        </error>
        <system-err>���� 31, 2021 8:46:08 ���� org.springframework.context.support.AbstractApplicationContext refresh
            ����: Exception encountered during context initialization - cancelling refresh attempt:
            org.springframework.beans.factory.BeanCreationException: Error creating bean with name &apos;studentSchool&apos;
            defined in class path resource [Beans.xml]: Cannot resolve reference to bean &apos;school&apos; while
            setting bean property &apos;school&apos;; nested exception is
            org.springframework.beans.factory.NoSuchBeanDefinitionException: No bean named &apos;school&apos; available
        </system-err>
    </testcase>
</testsuite>