<?xml version="1.0" encoding="UTF-8"?>
<testsuite xmlns:xsi="http://www.w3.org/2001/XMLSchema-instance"
           xsi:noNamespaceSchemaLocation="https://maven.apache.org/surefire/maven-surefire-plugin/xsd/surefire-test-report.xsd"
           name="com.zj.AppTest" time="0.019" tests="1" errors="0" skipped="0" failures="0">
    <properties>
        <property name="sun.desktop" value="windows"/>
        <property name="awt.toolkit" value="sun.awt.windows.WToolkit"/>
        <property name="file.encoding.pkg" value="sun.io"/>
        <property name="java.specification.version" value="1.8"/>
        <property name="sun.cpu.isalist" value="amd64"/>
        <property name="sun.jnu.encoding" value="GBK"/>
        <property name="java.class.path"
                  value="D:\workspace\framework\springBoot\CopyFile\target\test-classes;D:\workspace\framework\springBoot\CopyFile\target\classes;C:\Users\zhoujian\.m2\repository\junit\junit\4.11\junit-4.11.jar;C:\Users\zhoujian\.m2\repository\org\hamcrest\hamcrest-core\1.3\hamcrest-core-1.3.jar;"/>
        <property name="java.vm.vendor" value="Oracle Corporation"/>
        <property name="sun.arch.data.model" value="64"/>
        <property name="user.variant" value=""/>
        <property name="java.vendor.url" value="http://java.oracle.com/"/>
        <property name="user.timezone" value="Asia/Shanghai"/>
        <property name="user.country.format" value="US"/>
        <property name="java.vm.specification.version" value="1.8"/>
        <property name="os.name" value="Windows 10"/>
        <property name="user.country" value="CN"/>
        <property name="sun.java.launcher" value="SUN_STANDARD"/>
        <property name="sun.boot.library.path" value="D:\workspace\jar\jdk_1.8\jre\bin"/>
        <property name="sun.java.command"
                  value="C:\Users\zhoujian\AppData\Local\Temp\surefire817307996884103980\surefirebooter2000185906577030712.jar C:\Users\zhoujian\AppData\Local\Temp\surefire817307996884103980 2021-07-12T15-19-28_192-jvmRun1 surefire818369512039673515tmp surefire_03865138967459750693tmp"/>
        <property name="surefire.test.class.path"
                  value="D:\workspace\framework\springBoot\CopyFile\target\test-classes;D:\workspace\framework\springBoot\CopyFile\target\classes;C:\Users\zhoujian\.m2\repository\junit\junit\4.11\junit-4.11.jar;C:\Users\zhoujian\.m2\repository\org\hamcrest\hamcrest-core\1.3\hamcrest-core-1.3.jar;"/>
        <property name="sun.cpu.endian" value="little"/>
        <property name="user.home" value="C:\Users\zhoujian"/>
        <property name="user.language" value="zh"/>
        <property name="java.specification.vendor" value="Oracle Corporation"/>
        <property name="java.home" value="D:\workspace\jar\jdk_1.8\jre"/>
        <property name="basedir" value="D:\workspace\framework\springBoot\CopyFile"/>
        <property name="file.separator" value="\"/>
        <property name="line.separator" value="&#10;"/>
        <property name="java.vm.specification.vendor" value="Oracle Corporation"/>
        <property name="java.specification.name" value="Java Platform API Specification"/>
        <property name="java.awt.graphicsenv" value="sun.awt.Win32GraphicsEnvironment"/>
        <property name="idea.version2020.1.2" value="true"/>
        <property name="surefire.real.class.path"
                  value="C:\Users\zhoujian\AppData\Local\Temp\surefire817307996884103980\surefirebooter2000185906577030712.jar"/>
        <property name="sun.boot.class.path"
                  value="D:\workspace\jar\jdk_1.8\jre\lib\resources.jar;D:\workspace\jar\jdk_1.8\jre\lib\rt.jar;D:\workspace\jar\jdk_1.8\jre\lib\sunrsasign.jar;D:\workspace\jar\jdk_1.8\jre\lib\jsse.jar;D:\workspace\jar\jdk_1.8\jre\lib\jce.jar;D:\workspace\jar\jdk_1.8\jre\lib\charsets.jar;D:\workspace\jar\jdk_1.8\jre\lib\jfr.jar;D:\workspace\jar\jdk_1.8\jre\classes"/>
        <property name="user.script" value=""/>
        <property name="sun.management.compiler" value="HotSpot 64-Bit Tiered Compilers"/>
        <property name="java.runtime.version" value="1.8.0_261-b12"/>
        <property name="user.name" value="zhoujian"/>
        <property name="path.separator" value=";"/>
        <property name="os.version" value="10.0"/>
        <property name="java.endorsed.dirs" value="D:\workspace\jar\jdk_1.8\jre\lib\endorsed"/>
        <property name="java.runtime.name" value="Java(TM) SE Runtime Environment"/>
        <property name="file.encoding" value="GBK"/>
        <property name="java.vm.name" value="Java HotSpot(TM) 64-Bit Server VM"/>
        <property name="localRepository" value="C:\Users\zhoujian\.m2\repository"/>
        <property name="java.vendor.url.bug" value="http://bugreport.sun.com/bugreport/"/>
        <property name="java.io.tmpdir" value="C:\Users\zhoujian\AppData\Local\Temp\"/>
        <property name="java.version" value="1.8.0_261"/>
        <property name="user.dir" value="D:\workspace\framework\springBoot\CopyFile"/>
        <property name="os.arch" value="amd64"/>
        <property name="java.vm.specification.name" value="Java Virtual Machine Specification"/>
        <property name="java.awt.printerjob" value="sun.awt.windows.WPrinterJob"/>
        <property name="user.language.format" value="en"/>
        <property name="sun.os.patch.level" value=""/>
        <property name="java.library.path"
                  value="D:\workspace\jar\jdk_1.8\jre\bin;C:\WINDOWS\Sun\Java\bin;C:\WINDOWS\system32;C:\WINDOWS;D:\workspace\jar\jdk_1.8\bin;D:\software\TIA\simemens\Autoation\SCADA-RT_V11\WinCC\Bin;C:\Program Files\Common Files\Siemens\Automation\Simatic OAM\bin;C:\Program Files (x86)\Common Files\Siemens\Bin;C:\Program Files (x86)\Common Files\Siemens\CommonArchiving;C:\Program Files (x86)\Common Files\Siemens\ACE\Bin;C:\Program Files (x86)\Common Files\Oracle\Java\javapath;C:\Program Files (x86)\Razer Chroma SDK\bin;C:\Program Files\Razer Chroma SDK\bin;C:\Program Files (x86)\Razer\ChromaBroadcast\bin;C:\Program Files\Razer\ChromaBroadcast\bin;C:\Windows\system32;C:\Windows;C:\Windows\System32\Wbem;C:\Windows\System32\WindowsPowerShell\v1.0\;C:\Windows\System32\OpenSSH\;C:\Program Files (x86)\NVIDIA Corporation\PhysX\Common;C:\Program Files\NVIDIA Corporation\NVIDIA NvDLISR;C:\WINDOWS\system32;C:\WINDOWS;C:\WINDOWS\System32\Wbem;C:\WINDOWS\System32\WindowsPowerShell\v1.0\;C:\WINDOWS\System32\OpenSSH\;C:\Users\zhoujian\AppData\Local\Microsoft\WindowsApps;D:\software\bandzip\;C:\Program Files (x86)\Microsoft SQL Server\Client SDK\ODBC\110\Tools\Binn\;C:\Program Files (x86)\Microsoft SQL Server\120\Tools\Binn\;C:\Program Files (x86)\Microsoft SQL Server\120\DTS\Binn\;D:\software\git\Git\cmd;D:\software\mysql-8.0.23-winx64\mysql-8.0.23-winx64\bin;D:\software\mysql\bin;D:\software\TIA\simemens\Autoation\SCADA-RT_V11\WinCC\Interfaces;C:\Program Files (x86)\Common Files\Siemens\;C:\Program Files (x86)\Common Files\Siemens\Interfaces;C:\Program Files (x86)\Common Files\Siemens\ACE\Interfaces;D:\software\nodeJs\;D:\software\linux\tool\xftp\;C:\WINDOWS\system32;C:\WINDOWS;C:\WINDOWS\System32\Wbem;C:\WINDOWS\System32\WindowsPowerShell\v1.0\;C:\WINDOWS\System32\OpenSSH\;C:\Users\zhoujian\AppData\Local\Programs\Python\Python39\Scripts\;C:\Users\zhoujian\AppData\Local\Programs\Python\Python39\;C:\Users\zhoujian\AppData\Local\Microsoft\WindowsApps;D:\software\bandzip\;D:\software\idea\IntelliJ IDEA 2020.1.2\bin;;C:\Users\zhoujian\AppData\Roaming\npm;D:\software\pycharm\PyCharm 2021.1.2\bin;;;."/>
        <property name="java.vm.info" value="mixed mode"/>
        <property name="java.vendor" value="Oracle Corporation"/>
        <property name="java.vm.version" value="25.261-b12"/>
        <property name="java.ext.dirs" value="D:\workspace\jar\jdk_1.8\jre\lib\ext;C:\WINDOWS\Sun\Java\lib\ext"/>
        <property name="sun.io.unicode.encoding" value="UnicodeLittle"/>
        <property name="java.class.version" value="52.0"/>
    </properties>
    <testcase name="shouldAnswerWithTrue" classname="com.zj.AppTest" time="0.002"/>
</testsuite>